2019-11-02 17:12:55 - PHP Notice:  Undefined variable: labels_status in L:\OpenServer\domains\asiabeauty.loc\catalog\view\theme\asiabeauty\template\common\header.tpl on line 33
2019-11-02 17:12:55 - PHP Notice:  Undefined variable: informations in L:\OpenServer\domains\asiabeauty.loc\catalog\view\theme\asiabeauty\template\common\header.tpl on line 77
2019-11-02 17:12:55 - PHP Notice:  Undefined variable: text_contact in L:\OpenServer\domains\asiabeauty.loc\catalog\view\theme\asiabeauty\template\common\header.tpl on line 81
2019-11-02 17:12:55 - PHP Notice:  Undefined variable: text_open in L:\OpenServer\domains\asiabeauty.loc\catalog\view\theme\asiabeauty\template\common\header.tpl on line 106
2019-11-02 17:12:55 - PHP Notice:  Undefined variable: open in L:\OpenServer\domains\asiabeauty.loc\catalog\view\theme\asiabeauty\template\common\header.tpl on line 106
2019-11-02 17:12:55 - PHP Notice:  Undefined variable: email in L:\OpenServer\domains\asiabeauty.loc\catalog\view\theme\asiabeauty\template\common\header.tpl on line 112
2019-11-02 17:12:55 - PHP Notice:  Undefined variable: count_wishlist in L:\OpenServer\domains\asiabeauty.loc\catalog\view\theme\asiabeauty\template\common\header.tpl on line 140
2019-11-02 17:12:55 - PHP Notice:  Undefined variable: count_wishlist in L:\OpenServer\domains\asiabeauty.loc\catalog\view\theme\asiabeauty\template\common\header.tpl on line 140
2019-11-02 17:12:55 - PHP Notice:  Undefined variable: compare in L:\OpenServer\domains\asiabeauty.loc\catalog\view\theme\asiabeauty\template\common\header.tpl on line 141
2019-11-02 17:12:55 - PHP Notice:  Undefined variable: text_compare in L:\OpenServer\domains\asiabeauty.loc\catalog\view\theme\asiabeauty\template\common\header.tpl on line 141
2019-11-02 17:12:55 - PHP Notice:  Undefined variable: count_compare in L:\OpenServer\domains\asiabeauty.loc\catalog\view\theme\asiabeauty\template\common\header.tpl on line 141
2019-11-02 17:12:55 - PHP Notice:  Undefined variable: count_compare in L:\OpenServer\domains\asiabeauty.loc\catalog\view\theme\asiabeauty\template\common\header.tpl on line 141
2019-11-02 17:12:55 - PHP Notice:  Undefined variable: catalog_link in L:\OpenServer\domains\asiabeauty.loc\catalog\view\theme\asiabeauty\template\common\header.tpl on line 163
2019-11-02 17:12:55 - PHP Notice:  Undefined variable: info in L:\OpenServer\domains\asiabeauty.loc\catalog\view\theme\asiabeauty\template\common\header.tpl on line 185
2019-11-02 17:14:39 - PHP Notice:  Undefined variable: informations in L:\OpenServer\domains\asiabeauty.loc\catalog\view\theme\asiabeauty\template\common\header.tpl on line 59
2019-11-02 17:14:39 - PHP Notice:  Undefined variable: text_contact in L:\OpenServer\domains\asiabeauty.loc\catalog\view\theme\asiabeauty\template\common\header.tpl on line 63
2019-11-02 17:14:39 - PHP Notice:  Undefined variable: text_open in L:\OpenServer\domains\asiabeauty.loc\catalog\view\theme\asiabeauty\template\common\header.tpl on line 88
2019-11-02 17:14:39 - PHP Notice:  Undefined variable: open in L:\OpenServer\domains\asiabeauty.loc\catalog\view\theme\asiabeauty\template\common\header.tpl on line 88
2019-11-02 17:14:39 - PHP Notice:  Undefined variable: email in L:\OpenServer\domains\asiabeauty.loc\catalog\view\theme\asiabeauty\template\common\header.tpl on line 94
2019-11-02 17:14:39 - PHP Notice:  Undefined variable: count_wishlist in L:\OpenServer\domains\asiabeauty.loc\catalog\view\theme\asiabeauty\template\common\header.tpl on line 122
2019-11-02 17:14:39 - PHP Notice:  Undefined variable: count_wishlist in L:\OpenServer\domains\asiabeauty.loc\catalog\view\theme\asiabeauty\template\common\header.tpl on line 122
2019-11-02 17:14:39 - PHP Notice:  Undefined variable: compare in L:\OpenServer\domains\asiabeauty.loc\catalog\view\theme\asiabeauty\template\common\header.tpl on line 123
2019-11-02 17:14:39 - PHP Notice:  Undefined variable: text_compare in L:\OpenServer\domains\asiabeauty.loc\catalog\view\theme\asiabeauty\template\common\header.tpl on line 123
2019-11-02 17:14:39 - PHP Notice:  Undefined variable: count_compare in L:\OpenServer\domains\asiabeauty.loc\catalog\view\theme\asiabeauty\template\common\header.tpl on line 123
2019-11-02 17:14:39 - PHP Notice:  Undefined variable: count_compare in L:\OpenServer\domains\asiabeauty.loc\catalog\view\theme\asiabeauty\template\common\header.tpl on line 123
2019-11-02 17:14:39 - PHP Notice:  Undefined variable: catalog_link in L:\OpenServer\domains\asiabeauty.loc\catalog\view\theme\asiabeauty\template\common\header.tpl on line 145
2019-11-02 17:14:39 - PHP Notice:  Undefined variable: info in L:\OpenServer\domains\asiabeauty.loc\catalog\view\theme\asiabeauty\template\common\header.tpl on line 167
2019-11-02 17:15:14 - PHP Notice:  Undefined variable: text_open in L:\OpenServer\domains\asiabeauty.loc\catalog\view\theme\asiabeauty\template\common\header.tpl on line 82
2019-11-02 17:15:14 - PHP Notice:  Undefined variable: open in L:\OpenServer\domains\asiabeauty.loc\catalog\view\theme\asiabeauty\template\common\header.tpl on line 82
2019-11-02 17:15:14 - PHP Notice:  Undefined variable: email in L:\OpenServer\domains\asiabeauty.loc\catalog\view\theme\asiabeauty\template\common\header.tpl on line 88
2019-11-02 17:15:14 - PHP Notice:  Undefined variable: count_wishlist in L:\OpenServer\domains\asiabeauty.loc\catalog\view\theme\asiabeauty\template\common\header.tpl on line 116
2019-11-02 17:15:14 - PHP Notice:  Undefined variable: count_wishlist in L:\OpenServer\domains\asiabeauty.loc\catalog\view\theme\asiabeauty\template\common\header.tpl on line 116
2019-11-02 17:15:14 - PHP Notice:  Undefined variable: compare in L:\OpenServer\domains\asiabeauty.loc\catalog\view\theme\asiabeauty\template\common\header.tpl on line 117
2019-11-02 17:15:14 - PHP Notice:  Undefined variable: text_compare in L:\OpenServer\domains\asiabeauty.loc\catalog\view\theme\asiabeauty\template\common\header.tpl on line 117
2019-11-02 17:15:14 - PHP Notice:  Undefined variable: count_compare in L:\OpenServer\domains\asiabeauty.loc\catalog\view\theme\asiabeauty\template\common\header.tpl on line 117
2019-11-02 17:15:14 - PHP Notice:  Undefined variable: count_compare in L:\OpenServer\domains\asiabeauty.loc\catalog\view\theme\asiabeauty\template\common\header.tpl on line 117
2019-11-02 17:15:14 - PHP Notice:  Undefined variable: catalog_link in L:\OpenServer\domains\asiabeauty.loc\catalog\view\theme\asiabeauty\template\common\header.tpl on line 139
2019-11-02 17:15:14 - PHP Notice:  Undefined variable: info in L:\OpenServer\domains\asiabeauty.loc\catalog\view\theme\asiabeauty\template\common\header.tpl on line 161
2019-11-02 17:16:42 - PHP Notice:  Undefined variable: email in L:\OpenServer\domains\asiabeauty.loc\catalog\view\theme\asiabeauty\template\common\header.tpl on line 88
2019-11-02 17:16:42 - PHP Notice:  Undefined variable: count_wishlist in L:\OpenServer\domains\asiabeauty.loc\catalog\view\theme\asiabeauty\template\common\header.tpl on line 116
2019-11-02 17:16:42 - PHP Notice:  Undefined variable: count_wishlist in L:\OpenServer\domains\asiabeauty.loc\catalog\view\theme\asiabeauty\template\common\header.tpl on line 116
2019-11-02 17:16:42 - PHP Notice:  Undefined variable: compare in L:\OpenServer\domains\asiabeauty.loc\catalog\view\theme\asiabeauty\template\common\header.tpl on line 117
2019-11-02 17:16:42 - PHP Notice:  Undefined variable: text_compare in L:\OpenServer\domains\asiabeauty.loc\catalog\view\theme\asiabeauty\template\common\header.tpl on line 117
2019-11-02 17:16:42 - PHP Notice:  Undefined variable: count_compare in L:\OpenServer\domains\asiabeauty.loc\catalog\view\theme\asiabeauty\template\common\header.tpl on line 117
2019-11-02 17:16:42 - PHP Notice:  Undefined variable: count_compare in L:\OpenServer\domains\asiabeauty.loc\catalog\view\theme\asiabeauty\template\common\header.tpl on line 117
2019-11-02 17:16:42 - PHP Notice:  Undefined variable: catalog_link in L:\OpenServer\domains\asiabeauty.loc\catalog\view\theme\asiabeauty\template\common\header.tpl on line 139
2019-11-02 17:16:42 - PHP Notice:  Undefined variable: info in L:\OpenServer\domains\asiabeauty.loc\catalog\view\theme\asiabeauty\template\common\header.tpl on line 161
2019-11-02 17:17:43 - PHP Notice:  Undefined variable: email in L:\OpenServer\domains\asiabeauty.loc\catalog\view\theme\asiabeauty\template\common\header.tpl on line 88
2019-11-02 17:17:43 - PHP Notice:  Undefined variable: count_wishlist in L:\OpenServer\domains\asiabeauty.loc\catalog\view\theme\asiabeauty\template\common\header.tpl on line 116
2019-11-02 17:17:43 - PHP Notice:  Undefined variable: count_wishlist in L:\OpenServer\domains\asiabeauty.loc\catalog\view\theme\asiabeauty\template\common\header.tpl on line 116
2019-11-02 17:17:43 - PHP Notice:  Undefined variable: compare in L:\OpenServer\domains\asiabeauty.loc\catalog\view\theme\asiabeauty\template\common\header.tpl on line 117
2019-11-02 17:17:43 - PHP Notice:  Undefined variable: text_compare in L:\OpenServer\domains\asiabeauty.loc\catalog\view\theme\asiabeauty\template\common\header.tpl on line 117
2019-11-02 17:17:43 - PHP Notice:  Undefined variable: count_compare in L:\OpenServer\domains\asiabeauty.loc\catalog\view\theme\asiabeauty\template\common\header.tpl on line 117
2019-11-02 17:17:43 - PHP Notice:  Undefined variable: count_compare in L:\OpenServer\domains\asiabeauty.loc\catalog\view\theme\asiabeauty\template\common\header.tpl on line 117
2019-11-02 17:17:43 - PHP Notice:  Undefined variable: catalog_link in L:\OpenServer\domains\asiabeauty.loc\catalog\view\theme\asiabeauty\template\common\header.tpl on line 139
2019-11-03 9:42:46 - PHP Notice:  Undefined variable: email in L:\OpenServer\domains\asiabeauty.loc\catalog\view\theme\asiabeauty\template\common\header.tpl on line 88
2019-11-03 9:42:46 - PHP Notice:  Undefined variable: count_wishlist in L:\OpenServer\domains\asiabeauty.loc\catalog\view\theme\asiabeauty\template\common\header.tpl on line 116
2019-11-03 9:42:46 - PHP Notice:  Undefined variable: count_wishlist in L:\OpenServer\domains\asiabeauty.loc\catalog\view\theme\asiabeauty\template\common\header.tpl on line 116
2019-11-03 9:42:46 - PHP Notice:  Undefined variable: compare in L:\OpenServer\domains\asiabeauty.loc\catalog\view\theme\asiabeauty\template\common\header.tpl on line 117
2019-11-03 9:42:46 - PHP Notice:  Undefined variable: text_compare in L:\OpenServer\domains\asiabeauty.loc\catalog\view\theme\asiabeauty\template\common\header.tpl on line 117
2019-11-03 9:42:46 - PHP Notice:  Undefined variable: count_compare in L:\OpenServer\domains\asiabeauty.loc\catalog\view\theme\asiabeauty\template\common\header.tpl on line 117
2019-11-03 9:42:46 - PHP Notice:  Undefined variable: count_compare in L:\OpenServer\domains\asiabeauty.loc\catalog\view\theme\asiabeauty\template\common\header.tpl on line 117
2019-11-03 9:42:46 - PHP Notice:  Undefined variable: catalog_link in L:\OpenServer\domains\asiabeauty.loc\catalog\view\theme\asiabeauty\template\common\header.tpl on line 139
2019-11-03 9:54:27 - PHP Notice:  Undefined variable: email in L:\OpenServer\domains\asiabeauty.loc\catalog\view\theme\asiabeauty\template\common\header.tpl on line 85
2019-11-03 9:54:27 - PHP Notice:  Undefined variable: count_wishlist in L:\OpenServer\domains\asiabeauty.loc\catalog\view\theme\asiabeauty\template\common\header.tpl on line 113
2019-11-03 9:54:27 - PHP Notice:  Undefined variable: count_wishlist in L:\OpenServer\domains\asiabeauty.loc\catalog\view\theme\asiabeauty\template\common\header.tpl on line 113
2019-11-03 9:54:27 - PHP Notice:  Undefined variable: compare in L:\OpenServer\domains\asiabeauty.loc\catalog\view\theme\asiabeauty\template\common\header.tpl on line 114
2019-11-03 9:54:27 - PHP Notice:  Undefined variable: text_compare in L:\OpenServer\domains\asiabeauty.loc\catalog\view\theme\asiabeauty\template\common\header.tpl on line 114
2019-11-03 9:54:27 - PHP Notice:  Undefined variable: count_compare in L:\OpenServer\domains\asiabeauty.loc\catalog\view\theme\asiabeauty\template\common\header.tpl on line 114
2019-11-03 9:54:27 - PHP Notice:  Undefined variable: count_compare in L:\OpenServer\domains\asiabeauty.loc\catalog\view\theme\asiabeauty\template\common\header.tpl on line 114
2019-11-03 9:54:27 - PHP Notice:  Undefined variable: catalog_link in L:\OpenServer\domains\asiabeauty.loc\catalog\view\theme\asiabeauty\template\common\header.tpl on line 136
2019-11-03 10:21:13 - PHP Notice:  Undefined variable: email in L:\OpenServer\domains\asiabeauty.loc\catalog\view\theme\asiabeauty\template\common\header.tpl on line 85
2019-11-03 10:21:13 - PHP Notice:  Undefined variable: count_wishlist in L:\OpenServer\domains\asiabeauty.loc\catalog\view\theme\asiabeauty\template\common\header.tpl on line 113
2019-11-03 10:21:13 - PHP Notice:  Undefined variable: count_wishlist in L:\OpenServer\domains\asiabeauty.loc\catalog\view\theme\asiabeauty\template\common\header.tpl on line 113
2019-11-03 10:21:13 - PHP Notice:  Undefined variable: compare in L:\OpenServer\domains\asiabeauty.loc\catalog\view\theme\asiabeauty\template\common\header.tpl on line 114
2019-11-03 10:21:13 - PHP Notice:  Undefined variable: text_compare in L:\OpenServer\domains\asiabeauty.loc\catalog\view\theme\asiabeauty\template\common\header.tpl on line 114
2019-11-03 10:21:13 - PHP Notice:  Undefined variable: count_compare in L:\OpenServer\domains\asiabeauty.loc\catalog\view\theme\asiabeauty\template\common\header.tpl on line 114
2019-11-03 10:21:13 - PHP Notice:  Undefined variable: count_compare in L:\OpenServer\domains\asiabeauty.loc\catalog\view\theme\asiabeauty\template\common\header.tpl on line 114
2019-11-03 10:21:13 - PHP Notice:  Undefined variable: catalog_link in L:\OpenServer\domains\asiabeauty.loc\catalog\view\theme\asiabeauty\template\common\header.tpl on line 136
2019-11-03 10:22:35 - PHP Notice:  Undefined variable: email in L:\OpenServer\domains\asiabeauty.loc\catalog\view\theme\asiabeauty\template\common\footer.tpl on line 31
2019-11-03 10:22:35 - PHP Notice:  Undefined variable: email in L:\OpenServer\domains\asiabeauty.loc\catalog\view\theme\asiabeauty\template\common\header.tpl on line 85
2019-11-03 10:22:35 - PHP Notice:  Undefined variable: count_wishlist in L:\OpenServer\domains\asiabeauty.loc\catalog\view\theme\asiabeauty\template\common\header.tpl on line 113
2019-11-03 10:22:35 - PHP Notice:  Undefined variable: count_wishlist in L:\OpenServer\domains\asiabeauty.loc\catalog\view\theme\asiabeauty\template\common\header.tpl on line 113
2019-11-03 10:22:35 - PHP Notice:  Undefined variable: compare in L:\OpenServer\domains\asiabeauty.loc\catalog\view\theme\asiabeauty\template\common\header.tpl on line 114
2019-11-03 10:22:35 - PHP Notice:  Undefined variable: text_compare in L:\OpenServer\domains\asiabeauty.loc\catalog\view\theme\asiabeauty\template\common\header.tpl on line 114
2019-11-03 10:22:35 - PHP Notice:  Undefined variable: count_compare in L:\OpenServer\domains\asiabeauty.loc\catalog\view\theme\asiabeauty\template\common\header.tpl on line 114
2019-11-03 10:22:35 - PHP Notice:  Undefined variable: count_compare in L:\OpenServer\domains\asiabeauty.loc\catalog\view\theme\asiabeauty\template\common\header.tpl on line 114
2019-11-03 10:22:35 - PHP Notice:  Undefined variable: catalog_link in L:\OpenServer\domains\asiabeauty.loc\catalog\view\theme\asiabeauty\template\common\header.tpl on line 136
2019-11-03 10:22:38 - PHP Notice:  Undefined variable: email in L:\OpenServer\domains\asiabeauty.loc\catalog\view\theme\asiabeauty\template\common\footer.tpl on line 31
2019-11-03 10:22:38 - PHP Notice:  Undefined variable: email in L:\OpenServer\domains\asiabeauty.loc\catalog\view\theme\asiabeauty\template\common\header.tpl on line 85
2019-11-03 10:22:38 - PHP Notice:  Undefined variable: count_wishlist in L:\OpenServer\domains\asiabeauty.loc\catalog\view\theme\asiabeauty\template\common\header.tpl on line 113
2019-11-03 10:22:38 - PHP Notice:  Undefined variable: count_wishlist in L:\OpenServer\domains\asiabeauty.loc\catalog\view\theme\asiabeauty\template\common\header.tpl on line 113
2019-11-03 10:22:38 - PHP Notice:  Undefined variable: compare in L:\OpenServer\domains\asiabeauty.loc\catalog\view\theme\asiabeauty\template\common\header.tpl on line 114
2019-11-03 10:22:38 - PHP Notice:  Undefined variable: text_compare in L:\OpenServer\domains\asiabeauty.loc\catalog\view\theme\asiabeauty\template\common\header.tpl on line 114
2019-11-03 10:22:38 - PHP Notice:  Undefined variable: count_compare in L:\OpenServer\domains\asiabeauty.loc\catalog\view\theme\asiabeauty\template\common\header.tpl on line 114
2019-11-03 10:22:38 - PHP Notice:  Undefined variable: count_compare in L:\OpenServer\domains\asiabeauty.loc\catalog\view\theme\asiabeauty\template\common\header.tpl on line 114
2019-11-03 10:22:38 - PHP Notice:  Undefined variable: catalog_link in L:\OpenServer\domains\asiabeauty.loc\catalog\view\theme\asiabeauty\template\common\header.tpl on line 136
2019-11-03 10:23:31 - PHP Notice:  Undefined variable: email in L:\OpenServer\domains\asiabeauty.loc\catalog\view\theme\asiabeauty\template\common\footer.tpl on line 31
2019-11-03 10:23:31 - PHP Notice:  Undefined variable: email in L:\OpenServer\domains\asiabeauty.loc\catalog\view\theme\asiabeauty\template\common\header.tpl on line 85
2019-11-03 10:23:31 - PHP Notice:  Undefined variable: count_wishlist in L:\OpenServer\domains\asiabeauty.loc\catalog\view\theme\asiabeauty\template\common\header.tpl on line 113
2019-11-03 10:23:31 - PHP Notice:  Undefined variable: count_wishlist in L:\OpenServer\domains\asiabeauty.loc\catalog\view\theme\asiabeauty\template\common\header.tpl on line 113
2019-11-03 10:23:31 - PHP Notice:  Undefined variable: compare in L:\OpenServer\domains\asiabeauty.loc\catalog\view\theme\asiabeauty\template\common\header.tpl on line 114
2019-11-03 10:23:31 - PHP Notice:  Undefined variable: text_compare in L:\OpenServer\domains\asiabeauty.loc\catalog\view\theme\asiabeauty\template\common\header.tpl on line 114
2019-11-03 10:23:31 - PHP Notice:  Undefined variable: count_compare in L:\OpenServer\domains\asiabeauty.loc\catalog\view\theme\asiabeauty\template\common\header.tpl on line 114
2019-11-03 10:23:31 - PHP Notice:  Undefined variable: count_compare in L:\OpenServer\domains\asiabeauty.loc\catalog\view\theme\asiabeauty\template\common\header.tpl on line 114
2019-11-03 10:23:31 - PHP Notice:  Undefined variable: catalog_link in L:\OpenServer\domains\asiabeauty.loc\catalog\view\theme\asiabeauty\template\common\header.tpl on line 136
2019-11-03 10:25:34 - PHP Notice:  Undefined variable: email in L:\OpenServer\domains\asiabeauty.loc\catalog\view\theme\asiabeauty\template\common\footer.tpl on line 31
2019-11-03 10:25:34 - PHP Notice:  Undefined variable: email in L:\OpenServer\domains\asiabeauty.loc\catalog\view\theme\asiabeauty\template\common\header.tpl on line 85
2019-11-03 10:25:34 - PHP Notice:  Undefined variable: count_wishlist in L:\OpenServer\domains\asiabeauty.loc\catalog\view\theme\asiabeauty\template\common\header.tpl on line 113
2019-11-03 10:25:34 - PHP Notice:  Undefined variable: count_wishlist in L:\OpenServer\domains\asiabeauty.loc\catalog\view\theme\asiabeauty\template\common\header.tpl on line 113
2019-11-03 10:25:34 - PHP Notice:  Undefined variable: compare in L:\OpenServer\domains\asiabeauty.loc\catalog\view\theme\asiabeauty\template\common\header.tpl on line 114
2019-11-03 10:25:34 - PHP Notice:  Undefined variable: text_compare in L:\OpenServer\domains\asiabeauty.loc\catalog\view\theme\asiabeauty\template\common\header.tpl on line 114
2019-11-03 10:25:34 - PHP Notice:  Undefined variable: count_compare in L:\OpenServer\domains\asiabeauty.loc\catalog\view\theme\asiabeauty\template\common\header.tpl on line 114
2019-11-03 10:25:34 - PHP Notice:  Undefined variable: count_compare in L:\OpenServer\domains\asiabeauty.loc\catalog\view\theme\asiabeauty\template\common\header.tpl on line 114
2019-11-03 10:25:34 - PHP Notice:  Undefined variable: catalog_link in L:\OpenServer\domains\asiabeauty.loc\catalog\view\theme\asiabeauty\template\common\header.tpl on line 136
2019-11-03 10:26:06 - PHP Notice:  Undefined variable: email in L:\OpenServer\domains\asiabeauty.loc\catalog\view\theme\asiabeauty\template\common\footer.tpl on line 31
2019-11-03 10:26:06 - PHP Notice:  Undefined variable: email in L:\OpenServer\domains\asiabeauty.loc\catalog\view\theme\asiabeauty\template\common\header.tpl on line 85
2019-11-03 10:26:06 - PHP Notice:  Undefined variable: count_wishlist in L:\OpenServer\domains\asiabeauty.loc\catalog\view\theme\asiabeauty\template\common\header.tpl on line 113
2019-11-03 10:26:06 - PHP Notice:  Undefined variable: count_wishlist in L:\OpenServer\domains\asiabeauty.loc\catalog\view\theme\asiabeauty\template\common\header.tpl on line 113
2019-11-03 10:26:06 - PHP Notice:  Undefined variable: compare in L:\OpenServer\domains\asiabeauty.loc\catalog\view\theme\asiabeauty\template\common\header.tpl on line 114
2019-11-03 10:26:06 - PHP Notice:  Undefined variable: text_compare in L:\OpenServer\domains\asiabeauty.loc\catalog\view\theme\asiabeauty\template\common\header.tpl on line 114
2019-11-03 10:26:06 - PHP Notice:  Undefined variable: count_compare in L:\OpenServer\domains\asiabeauty.loc\catalog\view\theme\asiabeauty\template\common\header.tpl on line 114
2019-11-03 10:26:06 - PHP Notice:  Undefined variable: count_compare in L:\OpenServer\domains\asiabeauty.loc\catalog\view\theme\asiabeauty\template\common\header.tpl on line 114
2019-11-03 10:26:06 - PHP Notice:  Undefined variable: catalog_link in L:\OpenServer\domains\asiabeauty.loc\catalog\view\theme\asiabeauty\template\common\header.tpl on line 136
2019-11-03 10:29:51 - PHP Notice:  Undefined variable: email in L:\OpenServer\domains\asiabeauty.loc\catalog\view\theme\asiabeauty\template\common\footer.tpl on line 31
2019-11-03 10:29:51 - PHP Notice:  Undefined variable: email in L:\OpenServer\domains\asiabeauty.loc\catalog\view\theme\asiabeauty\template\common\header.tpl on line 85
2019-11-03 10:29:51 - PHP Notice:  Undefined variable: catalog_link in L:\OpenServer\domains\asiabeauty.loc\catalog\view\theme\asiabeauty\template\common\header.tpl on line 133
2019-11-03 10:31:12 - PHP Notice:  Undefined variable: email in L:\OpenServer\domains\asiabeauty.loc\catalog\view\theme\asiabeauty\template\common\footer.tpl on line 31
2019-11-03 10:31:12 - PHP Notice:  Undefined variable: email in L:\OpenServer\domains\asiabeauty.loc\catalog\view\theme\asiabeauty\template\common\header.tpl on line 85
2019-11-03 10:31:12 - PHP Notice:  Undefined variable: catalog_link in L:\OpenServer\domains\asiabeauty.loc\catalog\view\theme\asiabeauty\template\common\header.tpl on line 133
2019-11-03 11:04:03 - PHP Notice:  Undefined variable: email in L:\OpenServer\domains\asiabeauty.loc\catalog\view\theme\asiabeauty\template\common\footer.tpl on line 31
2019-11-03 11:04:03 - PHP Notice:  Undefined variable: email in L:\OpenServer\domains\asiabeauty.loc\catalog\view\theme\asiabeauty\template\common\header.tpl on line 85
2019-11-03 11:04:03 - PHP Notice:  Undefined variable: catalog_link in L:\OpenServer\domains\asiabeauty.loc\catalog\view\theme\asiabeauty\template\common\header.tpl on line 133
2019-11-03 11:06:50 - PHP Notice:  Undefined variable: email in L:\OpenServer\domains\asiabeauty.loc\catalog\view\theme\asiabeauty\template\common\footer.tpl on line 31
2019-11-03 11:06:51 - PHP Notice:  Undefined variable: email in L:\OpenServer\domains\asiabeauty.loc\catalog\view\theme\asiabeauty\template\common\header.tpl on line 85
2019-11-03 11:06:51 - PHP Notice:  Undefined variable: catalog_link in L:\OpenServer\domains\asiabeauty.loc\catalog\view\theme\asiabeauty\template\common\header.tpl on line 133
2019-11-03 11:14:19 - PHP Notice:  Undefined variable: email in L:\OpenServer\domains\asiabeauty.loc\catalog\view\theme\asiabeauty\template\common\footer.tpl on line 31
2019-11-03 11:14:20 - PHP Notice:  Undefined variable: email in L:\OpenServer\domains\asiabeauty.loc\catalog\view\theme\asiabeauty\template\common\header.tpl on line 85
2019-11-03 11:14:20 - PHP Notice:  Undefined variable: catalog_link in L:\OpenServer\domains\asiabeauty.loc\catalog\view\theme\asiabeauty\template\common\header.tpl on line 133
2019-11-03 11:18:31 - PHP Notice:  Undefined variable: email in L:\OpenServer\domains\asiabeauty.loc\catalog\view\theme\asiabeauty\template\common\footer.tpl on line 31
2019-11-03 11:18:31 - PHP Notice:  Undefined variable: email in L:\OpenServer\domains\asiabeauty.loc\catalog\view\theme\asiabeauty\template\common\header.tpl on line 85
2019-11-03 11:18:31 - PHP Notice:  Undefined variable: catalog_link in L:\OpenServer\domains\asiabeauty.loc\catalog\view\theme\asiabeauty\template\common\header.tpl on line 133
2019-11-03 11:36:24 - PHP Notice:  Undefined variable: email in L:\OpenServer\domains\asiabeauty.loc\catalog\view\theme\asiabeauty\template\common\footer.tpl on line 31
2019-11-03 11:36:35 - PHP Notice:  Undefined variable: email in L:\OpenServer\domains\asiabeauty.loc\catalog\view\theme\asiabeauty\template\common\footer.tpl on line 31
2019-11-03 11:47:06 - PHP Notice:  Undefined variable: email in L:\OpenServer\domains\asiabeauty.loc\catalog\view\theme\asiabeauty\template\common\footer.tpl on line 31
2019-11-03 11:47:37 - PHP Notice:  Undefined variable: email in L:\OpenServer\domains\asiabeauty.loc\catalog\view\theme\asiabeauty\template\common\footer.tpl on line 31
2019-11-03 11:48:24 - PHP Notice:  Undefined variable: email in L:\OpenServer\domains\asiabeauty.loc\catalog\view\theme\asiabeauty\template\common\footer.tpl on line 31
2019-11-03 12:00:00 - PHP Notice:  Undefined variable: email in L:\OpenServer\domains\asiabeauty.loc\catalog\view\theme\asiabeauty\template\common\footer.tpl on line 31
2019-11-03 12:00:05 - PHP Notice:  Undefined variable: email in L:\OpenServer\domains\asiabeauty.loc\catalog\view\theme\asiabeauty\template\common\footer.tpl on line 31
2019-11-03 12:00:35 - PHP Notice:  Undefined variable: email in L:\OpenServer\domains\asiabeauty.loc\catalog\view\theme\asiabeauty\template\common\footer.tpl on line 31
2019-11-03 12:02:25 - PHP Notice:  Undefined variable: email in L:\OpenServer\domains\asiabeauty.loc\catalog\view\theme\asiabeauty\template\common\footer.tpl on line 31
2019-11-03 12:02:58 - PHP Notice:  Undefined variable: email in L:\OpenServer\domains\asiabeauty.loc\catalog\view\theme\asiabeauty\template\common\footer.tpl on line 31
2019-11-03 12:04:31 - PHP Notice:  Undefined variable: email in L:\OpenServer\domains\asiabeauty.loc\catalog\view\theme\asiabeauty\template\common\footer.tpl on line 31
2019-11-03 12:05:45 - PHP Notice:  Undefined variable: email in L:\OpenServer\domains\asiabeauty.loc\catalog\view\theme\asiabeauty\template\common\footer.tpl on line 31
2019-11-03 12:05:48 - PHP Notice:  Undefined variable: email in L:\OpenServer\domains\asiabeauty.loc\catalog\view\theme\asiabeauty\template\common\footer.tpl on line 31
2019-11-03 12:05:58 - PHP Notice:  Undefined variable: email in L:\OpenServer\domains\asiabeauty.loc\catalog\view\theme\asiabeauty\template\common\footer.tpl on line 31
2019-11-03 12:07:35 - PHP Notice:  Undefined variable: email in L:\OpenServer\domains\asiabeauty.loc\catalog\view\theme\asiabeauty\template\common\footer.tpl on line 31
2019-11-03 12:08:17 - PHP Notice:  Undefined variable: email in L:\OpenServer\domains\asiabeauty.loc\catalog\view\theme\asiabeauty\template\common\footer.tpl on line 31
2019-11-03 12:09:27 - PHP Notice:  Undefined variable: email in L:\OpenServer\domains\asiabeauty.loc\catalog\view\theme\asiabeauty\template\common\footer.tpl on line 31
2019-11-03 12:14:29 - PHP Notice:  Undefined variable: email in L:\OpenServer\domains\asiabeauty.loc\catalog\view\theme\asiabeauty\template\common\footer.tpl on line 31
2019-11-03 12:15:13 - PHP Notice:  Undefined variable: email in L:\OpenServer\domains\asiabeauty.loc\catalog\view\theme\asiabeauty\template\common\footer.tpl on line 31
2019-11-03 12:17:52 - PHP Notice:  Undefined variable: email in L:\OpenServer\domains\asiabeauty.loc\catalog\view\theme\asiabeauty\template\common\footer.tpl on line 31
2019-11-03 12:18:24 - PHP Notice:  Undefined variable: email in L:\OpenServer\domains\asiabeauty.loc\catalog\view\theme\asiabeauty\template\common\footer.tpl on line 31
2019-11-03 12:18:24 - PHP Notice:  Undefined variable: text_open in L:\OpenServer\domains\asiabeauty.loc\catalog\view\theme\asiabeauty\template\common\header.tpl on line 56
2019-11-03 12:18:24 - PHP Notice:  Undefined variable: open in L:\OpenServer\domains\asiabeauty.loc\catalog\view\theme\asiabeauty\template\common\header.tpl on line 56
2019-11-03 12:18:24 - PHP Notice:  Undefined variable: informations in L:\OpenServer\domains\asiabeauty.loc\catalog\view\theme\asiabeauty\template\common\header.tpl on line 59
2019-11-03 12:18:24 - PHP Notice:  Undefined variable: text_contact in L:\OpenServer\domains\asiabeauty.loc\catalog\view\theme\asiabeauty\template\common\header.tpl on line 63
2019-11-03 12:18:24 - PHP Notice:  Undefined variable: email in L:\OpenServer\domains\asiabeauty.loc\catalog\view\theme\asiabeauty\template\common\header.tpl on line 92
2019-11-03 12:18:24 - PHP Notice:  Undefined variable: catalog_link in L:\OpenServer\domains\asiabeauty.loc\catalog\view\theme\asiabeauty\template\common\header.tpl on line 140
2019-11-03 12:18:35 - PHP Notice:  Undefined variable: email in L:\OpenServer\domains\asiabeauty.loc\catalog\view\theme\asiabeauty\template\common\footer.tpl on line 31
2019-11-03 12:19:29 - PHP Notice:  Undefined variable: email in L:\OpenServer\domains\asiabeauty.loc\catalog\view\theme\asiabeauty\template\common\footer.tpl on line 31
2019-11-03 12:20:07 - PHP Notice:  Undefined variable: email in L:\OpenServer\domains\asiabeauty.loc\catalog\view\theme\asiabeauty\template\common\footer.tpl on line 31
2019-11-03 12:20:22 - PHP Notice:  Undefined variable: email in L:\OpenServer\domains\asiabeauty.loc\catalog\view\theme\asiabeauty\template\common\footer.tpl on line 31
2019-11-03 12:29:37 - PHP Notice:  Undefined variable: email in L:\OpenServer\domains\asiabeauty.loc\catalog\view\theme\asiabeauty\template\common\footer.tpl on line 31
2019-11-03 12:30:14 - PHP Notice:  Undefined variable: email in L:\OpenServer\domains\asiabeauty.loc\catalog\view\theme\asiabeauty\template\common\footer.tpl on line 31
2019-11-03 12:45:36 - PHP Notice:  Undefined variable: email in L:\OpenServer\domains\asiabeauty.loc\catalog\view\theme\asiabeauty\template\common\footer.tpl on line 31
2019-11-03 12:46:02 - PHP Notice:  Undefined variable: email in L:\OpenServer\domains\asiabeauty.loc\catalog\view\theme\asiabeauty\template\common\footer.tpl on line 31
2019-11-03 12:58:39 - PHP Notice:  Undefined variable: email in L:\OpenServer\domains\asiabeauty.loc\catalog\view\theme\asiabeauty\template\common\footer.tpl on line 31
2019-11-03 12:58:48 - PHP Notice:  Undefined variable: email in L:\OpenServer\domains\asiabeauty.loc\catalog\view\theme\asiabeauty\template\common\footer.tpl on line 31
2019-11-03 12:58:48 - PHP Notice:  Undefined variable: text_open in L:\OpenServer\domains\asiabeauty.loc\catalog\view\theme\asiabeauty\template\common\header.tpl on line 56
2019-11-03 12:58:48 - PHP Notice:  Undefined variable: open in L:\OpenServer\domains\asiabeauty.loc\catalog\view\theme\asiabeauty\template\common\header.tpl on line 56
2019-11-03 12:58:48 - PHP Notice:  Undefined variable: informations in L:\OpenServer\domains\asiabeauty.loc\catalog\view\theme\asiabeauty\template\common\header.tpl on line 59
2019-11-03 12:58:48 - PHP Notice:  Undefined variable: text_contact in L:\OpenServer\domains\asiabeauty.loc\catalog\view\theme\asiabeauty\template\common\header.tpl on line 63
2019-11-03 12:58:48 - PHP Notice:  Undefined variable: email in L:\OpenServer\domains\asiabeauty.loc\catalog\view\theme\asiabeauty\template\common\header.tpl on line 92
2019-11-03 12:58:48 - PHP Notice:  Undefined variable: catalog_link in L:\OpenServer\domains\asiabeauty.loc\catalog\view\theme\asiabeauty\template\common\header.tpl on line 140
2019-11-03 12:59:09 - PHP Notice:  Undefined variable: email in L:\OpenServer\domains\asiabeauty.loc\catalog\view\theme\asiabeauty\template\common\footer.tpl on line 31
2019-11-03 13:13:30 - PHP Notice:  Undefined variable: email in L:\OpenServer\domains\asiabeauty.loc\catalog\view\theme\asiabeauty\template\common\footer.tpl on line 31
2019-11-03 13:33:59 - PHP Notice:  Undefined variable: email in L:\OpenServer\domains\asiabeauty.loc\catalog\view\theme\asiabeauty\template\common\footer.tpl on line 31
2019-11-03 13:34:29 - PHP Notice:  Undefined variable: email in L:\OpenServer\domains\asiabeauty.loc\catalog\view\theme\asiabeauty\template\common\footer.tpl on line 31
2019-11-03 13:36:12 - PHP Notice:  Undefined variable: email in L:\OpenServer\domains\asiabeauty.loc\catalog\view\theme\asiabeauty\template\common\footer.tpl on line 31
2019-11-03 13:37:57 - PHP Notice:  Undefined variable: email in L:\OpenServer\domains\asiabeauty.loc\catalog\view\theme\asiabeauty\template\common\footer.tpl on line 31
2019-11-03 13:37:57 - PHP Notice:  Undefined variable: text in L:\OpenServer\domains\asiabeauty.loc\catalog\view\theme\asiabeauty\template\common\header.tpl on line 56
2019-11-03 13:38:04 - PHP Notice:  Undefined variable: email in L:\OpenServer\domains\asiabeauty.loc\catalog\view\theme\asiabeauty\template\common\footer.tpl on line 31
2019-11-03 13:40:11 - PHP Notice:  Undefined variable: email in L:\OpenServer\domains\asiabeauty.loc\catalog\view\theme\asiabeauty\template\common\footer.tpl on line 31
2019-11-03 13:46:12 - PHP Notice:  Undefined variable: email in L:\OpenServer\domains\asiabeauty.loc\catalog\view\theme\asiabeauty\template\common\footer.tpl on line 31
2019-11-03 13:51:26 - PHP Notice:  Undefined variable: email in L:\OpenServer\domains\asiabeauty.loc\catalog\view\theme\asiabeauty\template\common\footer.tpl on line 31
2019-11-03 13:52:41 - PHP Notice:  Undefined variable: email in L:\OpenServer\domains\asiabeauty.loc\catalog\view\theme\asiabeauty\template\common\footer.tpl on line 31
2019-11-03 13:54:53 - PHP Notice:  Undefined variable: email in L:\OpenServer\domains\asiabeauty.loc\catalog\view\theme\asiabeauty\template\common\footer.tpl on line 31
2019-11-03 15:30:24 - PHP Notice:  Undefined variable: email in L:\OpenServer\domains\asiabeauty.loc\catalog\view\theme\asiabeauty\template\common\footer.tpl on line 31
2019-11-04 6:57:17 - PHP Notice:  Undefined variable: email in L:\OpenServer\domains\asiabeauty.loc\catalog\view\theme\asiabeauty\template\common\footer.tpl on line 31
