2019-11-03 12:08:25 - MOD: Modification Default

FILE: system/engine/action.php
REGEX: ~(require|include)(_once)?\(([^)]+)~
LINE: 41

FILE: system/engine/loader.php
REGEX: ~(require|include)(_once)?\(([^)]+)~
LINE: 49
LINE: 108
LINE: 120
LINE: 165

FILE: system/library/config.php
REGEX: ~(require|include)(_once)?\(([^)]+)~
LINE: 23

FILE: system/library/language.php
REGEX: ~(require|include)(_once)?\(([^)]+)~
LINE: 38
LINE: 40
LINE: 49
LINE: 51
LINE: 60
LINE: 62

FILE: system/library/template/php.php
REGEX: ~(require|include)(_once)?\(([^)]+)~
LINE: 18

FILE: system/library/template/tiwg.php
REGEX: ~(require|include)(_once)?\(([^)]+)~
LINE: 24
----------------------------------------------------------------
MOD: Active item in main menu

FILE: catalog/controller/common/header.php
CODE: $categories = $this->model_catalog_category->getCategories(0);
LINE: 113
CODE: $children_data[] = array(
LINE: 129
CODE: $data['categories'][] = array(
LINE: 137
----------------------------------------------------------------
MOD: Auto URL by WDM

FILE: admin/view/template/common/header.tpl
CODE: </head>
LINE: 35

FILE: admin/view/template/catalog/product_form.tpl
CODE: <?php foreach ($languages as $language) { ?>
LINE: 54
CODE: <?php echo $footer; ?>
LINE: 1449
CODE: name="product_description[<?php echo $language['language_id']; ?>][name]"
LINE: 64
CODE: id="input-meta-title<?php echo $language['language_id']; ?>" class="form-control"
LINE: 79
CODE: name="keyword"
LINE: 246

FILE: admin/view/template/catalog/category_form.tpl
CODE: <?php foreach ($languages as $language) { ?>
LINE: 46
CODE: <?php echo $footer; ?>
LINE: 338
CODE: name="category_description[<?php echo $language['language_id']; ?>][name]"
LINE: 56
CODE: id="input-meta-title<?php echo $language['language_id']; ?>" class="form-control"
LINE: 71
CODE: name="keyword"
LINE: 151

FILE: admin/controller/catalog/manufacturer.php
CODE: protected function getForm() {
LINE: 262

FILE: admin/view/template/catalog/manufacturer_form.tpl
CODE: <?php echo $column_left; ?>
LINE: 11
CODE: <?php echo $footer; ?>
LINE: 118
CODE: name="name"
LINE: 41
CODE: name="keyword"
LINE: 81

FILE: admin/view/template/catalog/information_form.tpl
CODE: <?php foreach ($languages as $language) { ?>
LINE: 46
CODE: <?php echo $footer; ?>
LINE: 250
CODE: name="information_description[<?php echo $language['language_id']; ?>][title]"
LINE: 56
CODE: id="input-meta-title<?php echo $language['language_id']; ?>" class="form-control"
LINE: 74
CODE: name="keyword"
LINE: 131
----------------------------------------------------------------
MOD: Common

FILE: catalog/controller/information/information.php
CODE: $this->response->setOutput($this->load->view('information/information', $data));
LINE: 47
CODE: $information_info = $this->model_catalog_information->getInformation($information_id);
LINE: 37
LINE: 128

FILE: catalog/controller/common/cart.php
CODE: $data['text_loading'] = $this->language->get('text_loading');
LINE: 58

FILE: catalog/controller/common/home.php
CODE: $data['column_left'] = $this->load->controller('common/column_left');
LINE: 25

FILE: catalog/controller/common/footer.php
CODE: $this->load->language('common/footer');
LINE: 24
CODE: $data['powered'] = sprintf($this->language->get('text_powered'), $this->config->get('config_name'), date('Y', time()));
LINE: 81
CODE: $data['newsletter'] = $this->url->link('account/newsletter', '', true);
LINE: 70

FILE: catalog/controller/checkout/cart.php
CODE: $json['total'] = sprintf($this->language->get('text_items'), $this->cart->countProducts() + (isset($this->session->data['vouchers']) ? count($this->session->data['vouchers']) : 0), $this->currency->format($total, $this->session->data['currency']));
LINE: 394
LINE: 493

FILE: catalog/controller/extension/module/bestseller.php
CODE: $data['heading_title'] = $this->language->get('heading_title');
LINE: 8

FILE: catalog/controller/product/category.php
CODE: $results = $this->model_catalog_product->getProducts($filter_data);
LINE: 189
CODE: $data['products'][] = array(
LINE: 229
CODE: 'product_id'  => $result['product_id'],
LINE: 234
CODE: $data['column_left'] = $this->load->controller('common/column_left');
LINE: 404
LINE: 470
CODE: $data['categories'][] = array(
LINE: 163

FILE: catalog/controller/product/product.php
CODE: $this->document->addStyle('catalog/view/javascript/jquery/datetimepicker/bootstrap-datetimepicker.min.css');
LINE: 228
CODE: $this->document->addScript('catalog/view/javascript/jquery/magnific/jquery.magnific-popup.min.js');
LINE: 220
CODE: $data['model'] = $product_info['model'];
LINE: 281
CODE: $data['description'] = html_entity_decode($product_info['description'], ENT_QUOTES, 'UTF-8');
LINE: 302

FILE: catalog/controller/account/wishlist.php
CODE: $this->session->data['redirect'] = $this->url->link('account/wishlist', '', true);
LINE: 4
CODE: $this->response->redirect($this->url->link('account/login', '', true));
LINE: 6
CODE: $this->model_account_wishlist->deleteWishlist($this->request->get['remove']);
LINE: 19
CODE: $results = $this->model_account_wishlist->getWishlist();
LINE: 72

FILE: system/library/pagination.php
CODE: <a href="' . str_replace('{page}', $page + 1, $this->url) . '">' . $this->text_next . '</a>
LINE: 77
----------------------------------------------------------------
MOD: Header Information
CODE: $data['name'] = $this->config->get('config_name');
LINE: 56
CODE: $data['text_wishlist'] = sprintf($this->language->get('text_wishlist'), (isset($this->session->data['wishlist']) ? count($this->session->data['wishlist']) : 0));
LINE: 78
CODE: $data['contact'] = $this->url->link('information/contact');
LINE: 54
LINE: 113
CODE: $data['text_shopping_cart'] = $this->language->get('text_shopping_cart');
LINE: 88
CODE: $data['wishlist'] = $this->url->link('account/wishlist', '', true);
LINE: 106
CODE: $json['total'] = sprintf($this->language->get('text_wishlist'), $this->model_account_wishlist->getTotalWishlist());
LINE: 161
CODE: $json['total'] = sprintf($this->language->get('text_wishlist'), (isset($this->session->data['wishlist']) ? count($this->session->data['wishlist']) : 0));
LINE: 176

FILE: catalog/controller/product/compare.php
CODE: $json['total'] = sprintf($this->language->get('text_compare'), (isset($this->session->data['compare']) ? count($this->session->data['compare']) : 0));
LINE: 191
----------------------------------------------------------------
MOD: Modification Manager

FILE: admin/language/en-gb/extension/modification.php
CODE: <?php
LINE: 24

FILE: admin/controller/extension/installer.php
CODE: $json['error'] = sprintf($this->language->get('error_exists'), $modification_info['name']);
LINE: 453
----------------------------------------------------------------
MOD: SEO Pro 230x

FILE: system/config/catalog.php
CODE: $_['action_pre_action'] = array(
LINE: 38
CODE: 'startup/seo_url'
LINE: 44

FILE: admin/controller/catalog/product.php
CODE: $data['entry_recurring'] = $this->language->get('entry_recurring');
LINE: 615
CODE: // Filters
LINE: 1055

FILE: admin/language/en-gb/catalog/product.php
CODE: // Entry
LINE: 27

FILE: admin/language/ru-ru/catalog/product.php
CODE: // Entry
LINE: 27

FILE: admin/model/catalog/product.php
CODE: if (isset($data['product_related'])) {
LINE: 96
LINE: 248
CODE: public function getProductRelated($product_id) {
LINE: 614
CODE: <label class="col-sm-2 control-label" for="input-category"><span data-toggle="tooltip" title="<?php echo $help_category; ?>"><?php echo $entry_category; ?></span></label>
LINE: 357
CODE: $('#product-category').append('<div id="product-category' + item['value'] + '"><i class="fa fa-minus-circle"></i> ' + item['label'] + '<input type="hidden" name="product_category[]" value="' + item['value'] + '" /></div>');
LINE: 1005
CODE: $('#product-category').delegate('.fa-minus-circle', 'click', function() {
LINE: 1012

FILE: admin/controller/setting/setting.php
CODE: $data['heading_title'] = $this->language->get('heading_title');
LINE: 32
CODE: if (isset($this->request->post['config_file_max_size'])) {
LINE: 1106

FILE: admin/language/en-gb/setting/setting.php
CODE: // Entry
LINE: 44

FILE: admin/language/ru-ru/setting/setting.php
CODE: // Entry
LINE: 44

FILE: admin/view/template/setting/setting.tpl
CODE: <label class="col-sm-2 control-label" for="input-robots"><span data-toggle="tooltip" title="<?php echo $help_robots; ?>"><?php echo $entry_robots; ?></span></label>
LINE: 1266
----------------------------------------------------------------
2019-11-03 12:17:46 - MOD: Modification Default

FILE: system/engine/action.php
REGEX: ~(require|include)(_once)?\(([^)]+)~
LINE: 41

FILE: system/engine/loader.php
REGEX: ~(require|include)(_once)?\(([^)]+)~
LINE: 49
LINE: 108
LINE: 120
LINE: 165

FILE: system/library/config.php
REGEX: ~(require|include)(_once)?\(([^)]+)~
LINE: 23

FILE: system/library/language.php
REGEX: ~(require|include)(_once)?\(([^)]+)~
LINE: 38
LINE: 40
LINE: 49
LINE: 51
LINE: 60
LINE: 62

FILE: system/library/template/php.php
REGEX: ~(require|include)(_once)?\(([^)]+)~
LINE: 18

FILE: system/library/template/tiwg.php
REGEX: ~(require|include)(_once)?\(([^)]+)~
LINE: 24
----------------------------------------------------------------
MOD: Active item in main menu

FILE: catalog/controller/common/header.php
CODE: $categories = $this->model_catalog_category->getCategories(0);
LINE: 113
CODE: $children_data[] = array(
LINE: 129
CODE: $data['categories'][] = array(
LINE: 137
----------------------------------------------------------------
MOD: Auto URL by WDM

FILE: admin/view/template/common/header.tpl
CODE: </head>
LINE: 35

FILE: admin/view/template/catalog/product_form.tpl
CODE: <?php foreach ($languages as $language) { ?>
LINE: 54
CODE: <?php echo $footer; ?>
LINE: 1449
CODE: name="product_description[<?php echo $language['language_id']; ?>][name]"
LINE: 64
CODE: id="input-meta-title<?php echo $language['language_id']; ?>" class="form-control"
LINE: 79
CODE: name="keyword"
LINE: 246

FILE: admin/view/template/catalog/category_form.tpl
CODE: <?php foreach ($languages as $language) { ?>
LINE: 46
CODE: <?php echo $footer; ?>
LINE: 338
CODE: name="category_description[<?php echo $language['language_id']; ?>][name]"
LINE: 56
CODE: id="input-meta-title<?php echo $language['language_id']; ?>" class="form-control"
LINE: 71
CODE: name="keyword"
LINE: 151

FILE: admin/controller/catalog/manufacturer.php
CODE: protected function getForm() {
LINE: 262

FILE: admin/view/template/catalog/manufacturer_form.tpl
CODE: <?php echo $column_left; ?>
LINE: 11
CODE: <?php echo $footer; ?>
LINE: 118
CODE: name="name"
LINE: 41
CODE: name="keyword"
LINE: 81

FILE: admin/view/template/catalog/information_form.tpl
CODE: <?php foreach ($languages as $language) { ?>
LINE: 46
CODE: <?php echo $footer; ?>
LINE: 250
CODE: name="information_description[<?php echo $language['language_id']; ?>][title]"
LINE: 56
CODE: id="input-meta-title<?php echo $language['language_id']; ?>" class="form-control"
LINE: 74
CODE: name="keyword"
LINE: 131
----------------------------------------------------------------
MOD: Common

FILE: catalog/controller/information/information.php
CODE: $this->response->setOutput($this->load->view('information/information', $data));
LINE: 47
CODE: $information_info = $this->model_catalog_information->getInformation($information_id);
LINE: 37
LINE: 128

FILE: catalog/controller/common/cart.php
CODE: $data['text_loading'] = $this->language->get('text_loading');
LINE: 58

FILE: catalog/controller/common/home.php
CODE: $data['column_left'] = $this->load->controller('common/column_left');
LINE: 25

FILE: catalog/controller/common/footer.php
CODE: $this->load->language('common/footer');
LINE: 24
CODE: $data['powered'] = sprintf($this->language->get('text_powered'), $this->config->get('config_name'), date('Y', time()));
LINE: 81
CODE: $data['newsletter'] = $this->url->link('account/newsletter', '', true);
LINE: 70

FILE: catalog/controller/checkout/cart.php
CODE: $json['total'] = sprintf($this->language->get('text_items'), $this->cart->countProducts() + (isset($this->session->data['vouchers']) ? count($this->session->data['vouchers']) : 0), $this->currency->format($total, $this->session->data['currency']));
LINE: 394
LINE: 493

FILE: catalog/controller/extension/module/bestseller.php
CODE: $data['heading_title'] = $this->language->get('heading_title');
LINE: 8

FILE: catalog/controller/product/category.php
CODE: $results = $this->model_catalog_product->getProducts($filter_data);
LINE: 189
CODE: $data['products'][] = array(
LINE: 229
CODE: 'product_id'  => $result['product_id'],
LINE: 234
CODE: $data['column_left'] = $this->load->controller('common/column_left');
LINE: 404
LINE: 470
CODE: $data['categories'][] = array(
LINE: 163

FILE: catalog/controller/product/product.php
CODE: $this->document->addStyle('catalog/view/javascript/jquery/datetimepicker/bootstrap-datetimepicker.min.css');
LINE: 228
CODE: $this->document->addScript('catalog/view/javascript/jquery/magnific/jquery.magnific-popup.min.js');
LINE: 220
CODE: $data['model'] = $product_info['model'];
LINE: 281
CODE: $data['description'] = html_entity_decode($product_info['description'], ENT_QUOTES, 'UTF-8');
LINE: 302

FILE: catalog/controller/account/wishlist.php
CODE: $this->session->data['redirect'] = $this->url->link('account/wishlist', '', true);
LINE: 4
CODE: $this->response->redirect($this->url->link('account/login', '', true));
LINE: 6
CODE: $this->model_account_wishlist->deleteWishlist($this->request->get['remove']);
LINE: 19
CODE: $results = $this->model_account_wishlist->getWishlist();
LINE: 72

FILE: system/library/pagination.php
CODE: <a href="' . str_replace('{page}', $page + 1, $this->url) . '">' . $this->text_next . '</a>
LINE: 77
----------------------------------------------------------------
MOD: Header Information
CODE: $data['name'] = $this->config->get('config_name');
LINE: 56
CODE: $data['text_wishlist'] = sprintf($this->language->get('text_wishlist'), (isset($this->session->data['wishlist']) ? count($this->session->data['wishlist']) : 0));
LINE: 78
CODE: $data['contact'] = $this->url->link('information/contact');
LINE: 54
LINE: 113
CODE: $data['text_shopping_cart'] = $this->language->get('text_shopping_cart');
LINE: 88
CODE: $data['wishlist'] = $this->url->link('account/wishlist', '', true);
LINE: 106
CODE: $json['total'] = sprintf($this->language->get('text_wishlist'), $this->model_account_wishlist->getTotalWishlist());
LINE: 161
CODE: $json['total'] = sprintf($this->language->get('text_wishlist'), (isset($this->session->data['wishlist']) ? count($this->session->data['wishlist']) : 0));
LINE: 176

FILE: catalog/controller/product/compare.php
CODE: $json['total'] = sprintf($this->language->get('text_compare'), (isset($this->session->data['compare']) ? count($this->session->data['compare']) : 0));
LINE: 191
----------------------------------------------------------------
MOD: Modification Manager

FILE: admin/language/en-gb/extension/modification.php
CODE: <?php
LINE: 24

FILE: admin/controller/extension/installer.php
CODE: $json['error'] = sprintf($this->language->get('error_exists'), $modification_info['name']);
LINE: 453
----------------------------------------------------------------
MOD: SEO Pro 230x

FILE: system/config/catalog.php
CODE: $_['action_pre_action'] = array(
LINE: 38
CODE: 'startup/seo_url'
LINE: 44

FILE: admin/controller/catalog/product.php
CODE: $data['entry_recurring'] = $this->language->get('entry_recurring');
LINE: 615
CODE: // Filters
LINE: 1055

FILE: admin/language/en-gb/catalog/product.php
CODE: // Entry
LINE: 27

FILE: admin/language/ru-ru/catalog/product.php
CODE: // Entry
LINE: 27

FILE: admin/model/catalog/product.php
CODE: if (isset($data['product_related'])) {
LINE: 96
LINE: 248
CODE: public function getProductRelated($product_id) {
LINE: 614
CODE: <label class="col-sm-2 control-label" for="input-category"><span data-toggle="tooltip" title="<?php echo $help_category; ?>"><?php echo $entry_category; ?></span></label>
LINE: 357
CODE: $('#product-category').append('<div id="product-category' + item['value'] + '"><i class="fa fa-minus-circle"></i> ' + item['label'] + '<input type="hidden" name="product_category[]" value="' + item['value'] + '" /></div>');
LINE: 1005
CODE: $('#product-category').delegate('.fa-minus-circle', 'click', function() {
LINE: 1012

FILE: admin/controller/setting/setting.php
CODE: $data['heading_title'] = $this->language->get('heading_title');
LINE: 32
CODE: if (isset($this->request->post['config_file_max_size'])) {
LINE: 1106

FILE: admin/language/en-gb/setting/setting.php
CODE: // Entry
LINE: 44

FILE: admin/language/ru-ru/setting/setting.php
CODE: // Entry
LINE: 44

FILE: admin/view/template/setting/setting.tpl
CODE: <label class="col-sm-2 control-label" for="input-robots"><span data-toggle="tooltip" title="<?php echo $help_robots; ?>"><?php echo $entry_robots; ?></span></label>
LINE: 1266
----------------------------------------------------------------
2019-11-03 12:18:31 - MOD: Modification Default

FILE: system/engine/action.php
REGEX: ~(require|include)(_once)?\(([^)]+)~
LINE: 41

FILE: system/engine/loader.php
REGEX: ~(require|include)(_once)?\(([^)]+)~
LINE: 49
LINE: 108
LINE: 120
LINE: 165

FILE: system/library/config.php
REGEX: ~(require|include)(_once)?\(([^)]+)~
LINE: 23

FILE: system/library/language.php
REGEX: ~(require|include)(_once)?\(([^)]+)~
LINE: 38
LINE: 40
LINE: 49
LINE: 51
LINE: 60
LINE: 62

FILE: system/library/template/php.php
REGEX: ~(require|include)(_once)?\(([^)]+)~
LINE: 18

FILE: system/library/template/tiwg.php
REGEX: ~(require|include)(_once)?\(([^)]+)~
LINE: 24
----------------------------------------------------------------
MOD: Active item in main menu

FILE: catalog/controller/common/header.php
CODE: $categories = $this->model_catalog_category->getCategories(0);
LINE: 113
CODE: $children_data[] = array(
LINE: 129
CODE: $data['categories'][] = array(
LINE: 137
----------------------------------------------------------------
MOD: Auto URL by WDM

FILE: admin/view/template/common/header.tpl
CODE: </head>
LINE: 35

FILE: admin/view/template/catalog/product_form.tpl
CODE: <?php foreach ($languages as $language) { ?>
LINE: 54
CODE: <?php echo $footer; ?>
LINE: 1449
CODE: name="product_description[<?php echo $language['language_id']; ?>][name]"
LINE: 64
CODE: id="input-meta-title<?php echo $language['language_id']; ?>" class="form-control"
LINE: 79
CODE: name="keyword"
LINE: 246

FILE: admin/view/template/catalog/category_form.tpl
CODE: <?php foreach ($languages as $language) { ?>
LINE: 46
CODE: <?php echo $footer; ?>
LINE: 338
CODE: name="category_description[<?php echo $language['language_id']; ?>][name]"
LINE: 56
CODE: id="input-meta-title<?php echo $language['language_id']; ?>" class="form-control"
LINE: 71
CODE: name="keyword"
LINE: 151

FILE: admin/controller/catalog/manufacturer.php
CODE: protected function getForm() {
LINE: 262

FILE: admin/view/template/catalog/manufacturer_form.tpl
CODE: <?php echo $column_left; ?>
LINE: 11
CODE: <?php echo $footer; ?>
LINE: 118
CODE: name="name"
LINE: 41
CODE: name="keyword"
LINE: 81

FILE: admin/view/template/catalog/information_form.tpl
CODE: <?php foreach ($languages as $language) { ?>
LINE: 46
CODE: <?php echo $footer; ?>
LINE: 250
CODE: name="information_description[<?php echo $language['language_id']; ?>][title]"
LINE: 56
CODE: id="input-meta-title<?php echo $language['language_id']; ?>" class="form-control"
LINE: 74
CODE: name="keyword"
LINE: 131
----------------------------------------------------------------
MOD: Common

FILE: catalog/controller/information/information.php
CODE: $this->response->setOutput($this->load->view('information/information', $data));
LINE: 47
CODE: $information_info = $this->model_catalog_information->getInformation($information_id);
LINE: 37
LINE: 128

FILE: catalog/controller/common/cart.php
CODE: $data['text_loading'] = $this->language->get('text_loading');
LINE: 58

FILE: catalog/controller/common/home.php
CODE: $data['column_left'] = $this->load->controller('common/column_left');
LINE: 25

FILE: catalog/controller/common/footer.php
CODE: $this->load->language('common/footer');
LINE: 24
CODE: $data['powered'] = sprintf($this->language->get('text_powered'), $this->config->get('config_name'), date('Y', time()));
LINE: 81
CODE: $data['newsletter'] = $this->url->link('account/newsletter', '', true);
LINE: 70

FILE: catalog/controller/checkout/cart.php
CODE: $json['total'] = sprintf($this->language->get('text_items'), $this->cart->countProducts() + (isset($this->session->data['vouchers']) ? count($this->session->data['vouchers']) : 0), $this->currency->format($total, $this->session->data['currency']));
LINE: 394
LINE: 493

FILE: catalog/controller/extension/module/bestseller.php
CODE: $data['heading_title'] = $this->language->get('heading_title');
LINE: 8

FILE: catalog/controller/product/category.php
CODE: $results = $this->model_catalog_product->getProducts($filter_data);
LINE: 189
CODE: $data['products'][] = array(
LINE: 229
CODE: 'product_id'  => $result['product_id'],
LINE: 234
CODE: $data['column_left'] = $this->load->controller('common/column_left');
LINE: 404
LINE: 470
CODE: $data['categories'][] = array(
LINE: 163

FILE: catalog/controller/product/product.php
CODE: $this->document->addStyle('catalog/view/javascript/jquery/datetimepicker/bootstrap-datetimepicker.min.css');
LINE: 228
CODE: $this->document->addScript('catalog/view/javascript/jquery/magnific/jquery.magnific-popup.min.js');
LINE: 220
CODE: $data['model'] = $product_info['model'];
LINE: 281
CODE: $data['description'] = html_entity_decode($product_info['description'], ENT_QUOTES, 'UTF-8');
LINE: 302

FILE: catalog/controller/account/wishlist.php
CODE: $this->session->data['redirect'] = $this->url->link('account/wishlist', '', true);
LINE: 4
CODE: $this->response->redirect($this->url->link('account/login', '', true));
LINE: 6
CODE: $this->model_account_wishlist->deleteWishlist($this->request->get['remove']);
LINE: 19
CODE: $results = $this->model_account_wishlist->getWishlist();
LINE: 72

FILE: system/library/pagination.php
CODE: <a href="' . str_replace('{page}', $page + 1, $this->url) . '">' . $this->text_next . '</a>
LINE: 77
----------------------------------------------------------------
MOD: Header Information
CODE: $data['name'] = $this->config->get('config_name');
LINE: 56
CODE: $data['text_wishlist'] = sprintf($this->language->get('text_wishlist'), (isset($this->session->data['wishlist']) ? count($this->session->data['wishlist']) : 0));
LINE: 78
CODE: $data['contact'] = $this->url->link('information/contact');
LINE: 54
LINE: 113
CODE: $data['text_shopping_cart'] = $this->language->get('text_shopping_cart');
LINE: 88
CODE: $data['wishlist'] = $this->url->link('account/wishlist', '', true);
LINE: 106
CODE: $json['total'] = sprintf($this->language->get('text_wishlist'), $this->model_account_wishlist->getTotalWishlist());
LINE: 161
CODE: $json['total'] = sprintf($this->language->get('text_wishlist'), (isset($this->session->data['wishlist']) ? count($this->session->data['wishlist']) : 0));
LINE: 176

FILE: catalog/controller/product/compare.php
CODE: $json['total'] = sprintf($this->language->get('text_compare'), (isset($this->session->data['compare']) ? count($this->session->data['compare']) : 0));
LINE: 191
----------------------------------------------------------------
MOD: Modification Manager

FILE: admin/language/en-gb/extension/modification.php
CODE: <?php
LINE: 24

FILE: admin/controller/extension/installer.php
CODE: $json['error'] = sprintf($this->language->get('error_exists'), $modification_info['name']);
LINE: 453
----------------------------------------------------------------
MOD: SEO Pro 230x

FILE: system/config/catalog.php
CODE: $_['action_pre_action'] = array(
LINE: 38
CODE: 'startup/seo_url'
LINE: 44

FILE: admin/controller/catalog/product.php
CODE: $data['entry_recurring'] = $this->language->get('entry_recurring');
LINE: 615
CODE: // Filters
LINE: 1055

FILE: admin/language/en-gb/catalog/product.php
CODE: // Entry
LINE: 27

FILE: admin/language/ru-ru/catalog/product.php
CODE: // Entry
LINE: 27

FILE: admin/model/catalog/product.php
CODE: if (isset($data['product_related'])) {
LINE: 96
LINE: 248
CODE: public function getProductRelated($product_id) {
LINE: 614
CODE: <label class="col-sm-2 control-label" for="input-category"><span data-toggle="tooltip" title="<?php echo $help_category; ?>"><?php echo $entry_category; ?></span></label>
LINE: 357
CODE: $('#product-category').append('<div id="product-category' + item['value'] + '"><i class="fa fa-minus-circle"></i> ' + item['label'] + '<input type="hidden" name="product_category[]" value="' + item['value'] + '" /></div>');
LINE: 1005
CODE: $('#product-category').delegate('.fa-minus-circle', 'click', function() {
LINE: 1012

FILE: admin/controller/setting/setting.php
CODE: $data['heading_title'] = $this->language->get('heading_title');
LINE: 32
CODE: if (isset($this->request->post['config_file_max_size'])) {
LINE: 1106

FILE: admin/language/en-gb/setting/setting.php
CODE: // Entry
LINE: 44

FILE: admin/language/ru-ru/setting/setting.php
CODE: // Entry
LINE: 44

FILE: admin/view/template/setting/setting.tpl
CODE: <label class="col-sm-2 control-label" for="input-robots"><span data-toggle="tooltip" title="<?php echo $help_robots; ?>"><?php echo $entry_robots; ?></span></label>
LINE: 1266
----------------------------------------------------------------
2019-11-03 12:20:17 - MOD: Modification Default

FILE: system/engine/action.php
REGEX: ~(require|include)(_once)?\(([^)]+)~
LINE: 41

FILE: system/engine/loader.php
REGEX: ~(require|include)(_once)?\(([^)]+)~
LINE: 49
LINE: 108
LINE: 120
LINE: 165

FILE: system/library/config.php
REGEX: ~(require|include)(_once)?\(([^)]+)~
LINE: 23

FILE: system/library/language.php
REGEX: ~(require|include)(_once)?\(([^)]+)~
LINE: 38
LINE: 40
LINE: 49
LINE: 51
LINE: 60
LINE: 62

FILE: system/library/template/php.php
REGEX: ~(require|include)(_once)?\(([^)]+)~
LINE: 18

FILE: system/library/template/tiwg.php
REGEX: ~(require|include)(_once)?\(([^)]+)~
LINE: 24
----------------------------------------------------------------
MOD: Active item in main menu

FILE: catalog/controller/common/header.php
CODE: $categories = $this->model_catalog_category->getCategories(0);
LINE: 113
CODE: $children_data[] = array(
LINE: 129
CODE: $data['categories'][] = array(
LINE: 137
----------------------------------------------------------------
MOD: Auto URL by WDM

FILE: admin/view/template/common/header.tpl
CODE: </head>
LINE: 35

FILE: admin/view/template/catalog/product_form.tpl
CODE: <?php foreach ($languages as $language) { ?>
LINE: 54
CODE: <?php echo $footer; ?>
LINE: 1449
CODE: name="product_description[<?php echo $language['language_id']; ?>][name]"
LINE: 64
CODE: id="input-meta-title<?php echo $language['language_id']; ?>" class="form-control"
LINE: 79
CODE: name="keyword"
LINE: 246

FILE: admin/view/template/catalog/category_form.tpl
CODE: <?php foreach ($languages as $language) { ?>
LINE: 46
CODE: <?php echo $footer; ?>
LINE: 338
CODE: name="category_description[<?php echo $language['language_id']; ?>][name]"
LINE: 56
CODE: id="input-meta-title<?php echo $language['language_id']; ?>" class="form-control"
LINE: 71
CODE: name="keyword"
LINE: 151

FILE: admin/controller/catalog/manufacturer.php
CODE: protected function getForm() {
LINE: 262

FILE: admin/view/template/catalog/manufacturer_form.tpl
CODE: <?php echo $column_left; ?>
LINE: 11
CODE: <?php echo $footer; ?>
LINE: 118
CODE: name="name"
LINE: 41
CODE: name="keyword"
LINE: 81

FILE: admin/view/template/catalog/information_form.tpl
CODE: <?php foreach ($languages as $language) { ?>
LINE: 46
CODE: <?php echo $footer; ?>
LINE: 250
CODE: name="information_description[<?php echo $language['language_id']; ?>][title]"
LINE: 56
CODE: id="input-meta-title<?php echo $language['language_id']; ?>" class="form-control"
LINE: 74
CODE: name="keyword"
LINE: 131
----------------------------------------------------------------
MOD: Common

FILE: catalog/controller/information/information.php
CODE: $this->response->setOutput($this->load->view('information/information', $data));
LINE: 47
CODE: $information_info = $this->model_catalog_information->getInformation($information_id);
LINE: 37
LINE: 128

FILE: catalog/controller/common/cart.php
CODE: $data['text_loading'] = $this->language->get('text_loading');
LINE: 58

FILE: catalog/controller/common/home.php
CODE: $data['column_left'] = $this->load->controller('common/column_left');
LINE: 25

FILE: catalog/controller/common/footer.php
CODE: $this->load->language('common/footer');
LINE: 24
CODE: $data['powered'] = sprintf($this->language->get('text_powered'), $this->config->get('config_name'), date('Y', time()));
LINE: 81
CODE: $data['newsletter'] = $this->url->link('account/newsletter', '', true);
LINE: 70

FILE: catalog/controller/checkout/cart.php
CODE: $json['total'] = sprintf($this->language->get('text_items'), $this->cart->countProducts() + (isset($this->session->data['vouchers']) ? count($this->session->data['vouchers']) : 0), $this->currency->format($total, $this->session->data['currency']));
LINE: 394
LINE: 493

FILE: catalog/controller/extension/module/bestseller.php
CODE: $data['heading_title'] = $this->language->get('heading_title');
LINE: 8

FILE: catalog/controller/product/category.php
CODE: $results = $this->model_catalog_product->getProducts($filter_data);
LINE: 189
CODE: $data['products'][] = array(
LINE: 229
CODE: 'product_id'  => $result['product_id'],
LINE: 234
CODE: $data['column_left'] = $this->load->controller('common/column_left');
LINE: 404
LINE: 470
CODE: $data['categories'][] = array(
LINE: 163

FILE: catalog/controller/product/product.php
CODE: $this->document->addStyle('catalog/view/javascript/jquery/datetimepicker/bootstrap-datetimepicker.min.css');
LINE: 228
CODE: $this->document->addScript('catalog/view/javascript/jquery/magnific/jquery.magnific-popup.min.js');
LINE: 220
CODE: $data['model'] = $product_info['model'];
LINE: 281
CODE: $data['description'] = html_entity_decode($product_info['description'], ENT_QUOTES, 'UTF-8');
LINE: 302

FILE: catalog/controller/account/wishlist.php
CODE: $this->session->data['redirect'] = $this->url->link('account/wishlist', '', true);
LINE: 4
CODE: $this->response->redirect($this->url->link('account/login', '', true));
LINE: 6
CODE: $this->model_account_wishlist->deleteWishlist($this->request->get['remove']);
LINE: 19
CODE: $results = $this->model_account_wishlist->getWishlist();
LINE: 72

FILE: system/library/pagination.php
CODE: <a href="' . str_replace('{page}', $page + 1, $this->url) . '">' . $this->text_next . '</a>
LINE: 77
----------------------------------------------------------------
MOD: Header Information
CODE: $data['name'] = $this->config->get('config_name');
LINE: 56
CODE: $data['text_wishlist'] = sprintf($this->language->get('text_wishlist'), (isset($this->session->data['wishlist']) ? count($this->session->data['wishlist']) : 0));
LINE: 78
CODE: $data['contact'] = $this->url->link('information/contact');
LINE: 54
LINE: 113
CODE: $data['text_shopping_cart'] = $this->language->get('text_shopping_cart');
LINE: 88
CODE: $data['wishlist'] = $this->url->link('account/wishlist', '', true);
LINE: 106
CODE: $json['total'] = sprintf($this->language->get('text_wishlist'), $this->model_account_wishlist->getTotalWishlist());
LINE: 161
CODE: $json['total'] = sprintf($this->language->get('text_wishlist'), (isset($this->session->data['wishlist']) ? count($this->session->data['wishlist']) : 0));
LINE: 176

FILE: catalog/controller/product/compare.php
CODE: $json['total'] = sprintf($this->language->get('text_compare'), (isset($this->session->data['compare']) ? count($this->session->data['compare']) : 0));
LINE: 191
----------------------------------------------------------------
MOD: Modification Manager

FILE: admin/language/en-gb/extension/modification.php
CODE: <?php
LINE: 24

FILE: admin/controller/extension/installer.php
CODE: $json['error'] = sprintf($this->language->get('error_exists'), $modification_info['name']);
LINE: 453
----------------------------------------------------------------
MOD: SEO Pro 230x

FILE: system/config/catalog.php
CODE: $_['action_pre_action'] = array(
LINE: 38
CODE: 'startup/seo_url'
LINE: 44

FILE: admin/controller/catalog/product.php
CODE: $data['entry_recurring'] = $this->language->get('entry_recurring');
LINE: 615
CODE: // Filters
LINE: 1055

FILE: admin/language/en-gb/catalog/product.php
CODE: // Entry
LINE: 27

FILE: admin/language/ru-ru/catalog/product.php
CODE: // Entry
LINE: 27

FILE: admin/model/catalog/product.php
CODE: if (isset($data['product_related'])) {
LINE: 96
LINE: 248
CODE: public function getProductRelated($product_id) {
LINE: 614
CODE: <label class="col-sm-2 control-label" for="input-category"><span data-toggle="tooltip" title="<?php echo $help_category; ?>"><?php echo $entry_category; ?></span></label>
LINE: 357
CODE: $('#product-category').append('<div id="product-category' + item['value'] + '"><i class="fa fa-minus-circle"></i> ' + item['label'] + '<input type="hidden" name="product_category[]" value="' + item['value'] + '" /></div>');
LINE: 1005
CODE: $('#product-category').delegate('.fa-minus-circle', 'click', function() {
LINE: 1012

FILE: admin/controller/setting/setting.php
CODE: $data['heading_title'] = $this->language->get('heading_title');
LINE: 32
CODE: if (isset($this->request->post['config_file_max_size'])) {
LINE: 1106

FILE: admin/language/en-gb/setting/setting.php
CODE: // Entry
LINE: 44

FILE: admin/language/ru-ru/setting/setting.php
CODE: // Entry
LINE: 44

FILE: admin/view/template/setting/setting.tpl
CODE: <label class="col-sm-2 control-label" for="input-robots"><span data-toggle="tooltip" title="<?php echo $help_robots; ?>"><?php echo $entry_robots; ?></span></label>
LINE: 1266
----------------------------------------------------------------
2019-11-03 12:45:59 - MOD: Modification Default

FILE: system/engine/action.php
REGEX: ~(require|include)(_once)?\(([^)]+)~
LINE: 41

FILE: system/engine/loader.php
REGEX: ~(require|include)(_once)?\(([^)]+)~
LINE: 49
LINE: 108
LINE: 120
LINE: 165

FILE: system/library/config.php
REGEX: ~(require|include)(_once)?\(([^)]+)~
LINE: 23

FILE: system/library/language.php
REGEX: ~(require|include)(_once)?\(([^)]+)~
LINE: 38
LINE: 40
LINE: 49
LINE: 51
LINE: 60
LINE: 62

FILE: system/library/template/php.php
REGEX: ~(require|include)(_once)?\(([^)]+)~
LINE: 18

FILE: system/library/template/tiwg.php
REGEX: ~(require|include)(_once)?\(([^)]+)~
LINE: 24
----------------------------------------------------------------
MOD: Active item in main menu

FILE: catalog/controller/common/header.php
CODE: $categories = $this->model_catalog_category->getCategories(0);
LINE: 113
CODE: $children_data[] = array(
LINE: 129
CODE: $data['categories'][] = array(
LINE: 137
----------------------------------------------------------------
MOD: Auto URL by WDM

FILE: admin/view/template/common/header.tpl
CODE: </head>
LINE: 35

FILE: admin/view/template/catalog/product_form.tpl
CODE: <?php foreach ($languages as $language) { ?>
LINE: 54
CODE: <?php echo $footer; ?>
LINE: 1449
CODE: name="product_description[<?php echo $language['language_id']; ?>][name]"
LINE: 64
CODE: id="input-meta-title<?php echo $language['language_id']; ?>" class="form-control"
LINE: 79
CODE: name="keyword"
LINE: 246

FILE: admin/view/template/catalog/category_form.tpl
CODE: <?php foreach ($languages as $language) { ?>
LINE: 46
CODE: <?php echo $footer; ?>
LINE: 338
CODE: name="category_description[<?php echo $language['language_id']; ?>][name]"
LINE: 56
CODE: id="input-meta-title<?php echo $language['language_id']; ?>" class="form-control"
LINE: 71
CODE: name="keyword"
LINE: 151

FILE: admin/controller/catalog/manufacturer.php
CODE: protected function getForm() {
LINE: 262

FILE: admin/view/template/catalog/manufacturer_form.tpl
CODE: <?php echo $column_left; ?>
LINE: 11
CODE: <?php echo $footer; ?>
LINE: 118
CODE: name="name"
LINE: 41
CODE: name="keyword"
LINE: 81

FILE: admin/view/template/catalog/information_form.tpl
CODE: <?php foreach ($languages as $language) { ?>
LINE: 46
CODE: <?php echo $footer; ?>
LINE: 250
CODE: name="information_description[<?php echo $language['language_id']; ?>][title]"
LINE: 56
CODE: id="input-meta-title<?php echo $language['language_id']; ?>" class="form-control"
LINE: 74
CODE: name="keyword"
LINE: 131
----------------------------------------------------------------
MOD: Common

FILE: catalog/controller/information/information.php
CODE: $this->response->setOutput($this->load->view('information/information', $data));
LINE: 47
CODE: $information_info = $this->model_catalog_information->getInformation($information_id);
LINE: 37
LINE: 128

FILE: catalog/controller/common/cart.php
CODE: $data['text_loading'] = $this->language->get('text_loading');
LINE: 58

FILE: catalog/controller/common/home.php
CODE: $data['column_left'] = $this->load->controller('common/column_left');
LINE: 25

FILE: catalog/controller/common/footer.php
CODE: $this->load->language('common/footer');
LINE: 24
CODE: $data['powered'] = sprintf($this->language->get('text_powered'), $this->config->get('config_name'), date('Y', time()));
LINE: 81
CODE: $data['newsletter'] = $this->url->link('account/newsletter', '', true);
LINE: 70

FILE: catalog/controller/checkout/cart.php
CODE: $json['total'] = sprintf($this->language->get('text_items'), $this->cart->countProducts() + (isset($this->session->data['vouchers']) ? count($this->session->data['vouchers']) : 0), $this->currency->format($total, $this->session->data['currency']));
LINE: 394
LINE: 493

FILE: catalog/controller/extension/module/bestseller.php
CODE: $data['heading_title'] = $this->language->get('heading_title');
LINE: 8

FILE: catalog/controller/product/category.php
CODE: $results = $this->model_catalog_product->getProducts($filter_data);
LINE: 189
CODE: $data['products'][] = array(
LINE: 229
CODE: 'product_id'  => $result['product_id'],
LINE: 234
CODE: $data['column_left'] = $this->load->controller('common/column_left');
LINE: 404
LINE: 470
CODE: $data['categories'][] = array(
LINE: 163

FILE: catalog/controller/product/product.php
CODE: $this->document->addStyle('catalog/view/javascript/jquery/datetimepicker/bootstrap-datetimepicker.min.css');
LINE: 228
CODE: $this->document->addScript('catalog/view/javascript/jquery/magnific/jquery.magnific-popup.min.js');
LINE: 220
CODE: $data['model'] = $product_info['model'];
LINE: 281
CODE: $data['description'] = html_entity_decode($product_info['description'], ENT_QUOTES, 'UTF-8');
LINE: 302

FILE: catalog/controller/account/wishlist.php
CODE: $this->session->data['redirect'] = $this->url->link('account/wishlist', '', true);
LINE: 4
CODE: $this->response->redirect($this->url->link('account/login', '', true));
LINE: 6
CODE: $this->model_account_wishlist->deleteWishlist($this->request->get['remove']);
LINE: 19
CODE: $results = $this->model_account_wishlist->getWishlist();
LINE: 72

FILE: system/library/pagination.php
CODE: <a href="' . str_replace('{page}', $page + 1, $this->url) . '">' . $this->text_next . '</a>
LINE: 77
----------------------------------------------------------------
MOD: Header Information
CODE: $data['name'] = $this->config->get('config_name');
LINE: 56
CODE: $data['text_wishlist'] = sprintf($this->language->get('text_wishlist'), (isset($this->session->data['wishlist']) ? count($this->session->data['wishlist']) : 0));
LINE: 78
CODE: $data['contact'] = $this->url->link('information/contact');
LINE: 54
LINE: 113
CODE: $data['text_shopping_cart'] = $this->language->get('text_shopping_cart');
LINE: 88
CODE: $data['wishlist'] = $this->url->link('account/wishlist', '', true);
LINE: 106
CODE: $json['total'] = sprintf($this->language->get('text_wishlist'), $this->model_account_wishlist->getTotalWishlist());
LINE: 161
CODE: $json['total'] = sprintf($this->language->get('text_wishlist'), (isset($this->session->data['wishlist']) ? count($this->session->data['wishlist']) : 0));
LINE: 176

FILE: catalog/controller/product/compare.php
CODE: $json['total'] = sprintf($this->language->get('text_compare'), (isset($this->session->data['compare']) ? count($this->session->data['compare']) : 0));
LINE: 191
----------------------------------------------------------------
MOD: Modification Manager

FILE: admin/language/en-gb/extension/modification.php
CODE: <?php
LINE: 24

FILE: admin/controller/extension/installer.php
CODE: $json['error'] = sprintf($this->language->get('error_exists'), $modification_info['name']);
LINE: 453
----------------------------------------------------------------
MOD: SEO Pro 230x

FILE: system/config/catalog.php
CODE: $_['action_pre_action'] = array(
LINE: 38
CODE: 'startup/seo_url'
LINE: 44

FILE: admin/controller/catalog/product.php
CODE: $data['entry_recurring'] = $this->language->get('entry_recurring');
LINE: 615
CODE: // Filters
LINE: 1055

FILE: admin/language/en-gb/catalog/product.php
CODE: // Entry
LINE: 27

FILE: admin/language/ru-ru/catalog/product.php
CODE: // Entry
LINE: 27

FILE: admin/model/catalog/product.php
CODE: if (isset($data['product_related'])) {
LINE: 96
LINE: 248
CODE: public function getProductRelated($product_id) {
LINE: 614
CODE: <label class="col-sm-2 control-label" for="input-category"><span data-toggle="tooltip" title="<?php echo $help_category; ?>"><?php echo $entry_category; ?></span></label>
LINE: 357
CODE: $('#product-category').append('<div id="product-category' + item['value'] + '"><i class="fa fa-minus-circle"></i> ' + item['label'] + '<input type="hidden" name="product_category[]" value="' + item['value'] + '" /></div>');
LINE: 1005
CODE: $('#product-category').delegate('.fa-minus-circle', 'click', function() {
LINE: 1012

FILE: admin/controller/setting/setting.php
CODE: $data['heading_title'] = $this->language->get('heading_title');
LINE: 32
CODE: if (isset($this->request->post['config_file_max_size'])) {
LINE: 1106

FILE: admin/language/en-gb/setting/setting.php
CODE: // Entry
LINE: 44

FILE: admin/language/ru-ru/setting/setting.php
CODE: // Entry
LINE: 44

FILE: admin/view/template/setting/setting.tpl
CODE: <label class="col-sm-2 control-label" for="input-robots"><span data-toggle="tooltip" title="<?php echo $help_robots; ?>"><?php echo $entry_robots; ?></span></label>
LINE: 1266
----------------------------------------------------------------
2019-11-03 12:58:45 - MOD: Modification Default

FILE: system/engine/action.php
REGEX: ~(require|include)(_once)?\(([^)]+)~
LINE: 41

FILE: system/engine/loader.php
REGEX: ~(require|include)(_once)?\(([^)]+)~
LINE: 49
LINE: 108
LINE: 120
LINE: 165

FILE: system/library/config.php
REGEX: ~(require|include)(_once)?\(([^)]+)~
LINE: 23

FILE: system/library/language.php
REGEX: ~(require|include)(_once)?\(([^)]+)~
LINE: 38
LINE: 40
LINE: 49
LINE: 51
LINE: 60
LINE: 62

FILE: system/library/template/php.php
REGEX: ~(require|include)(_once)?\(([^)]+)~
LINE: 18

FILE: system/library/template/tiwg.php
REGEX: ~(require|include)(_once)?\(([^)]+)~
LINE: 24
----------------------------------------------------------------
MOD: Active item in main menu

FILE: catalog/controller/common/header.php
CODE: $categories = $this->model_catalog_category->getCategories(0);
LINE: 113
CODE: $children_data[] = array(
LINE: 129
CODE: $data['categories'][] = array(
LINE: 137
----------------------------------------------------------------
MOD: Auto URL by WDM

FILE: admin/view/template/common/header.tpl
CODE: </head>
LINE: 35

FILE: admin/view/template/catalog/product_form.tpl
CODE: <?php foreach ($languages as $language) { ?>
LINE: 54
CODE: <?php echo $footer; ?>
LINE: 1449
CODE: name="product_description[<?php echo $language['language_id']; ?>][name]"
LINE: 64
CODE: id="input-meta-title<?php echo $language['language_id']; ?>" class="form-control"
LINE: 79
CODE: name="keyword"
LINE: 246

FILE: admin/view/template/catalog/category_form.tpl
CODE: <?php foreach ($languages as $language) { ?>
LINE: 46
CODE: <?php echo $footer; ?>
LINE: 338
CODE: name="category_description[<?php echo $language['language_id']; ?>][name]"
LINE: 56
CODE: id="input-meta-title<?php echo $language['language_id']; ?>" class="form-control"
LINE: 71
CODE: name="keyword"
LINE: 151

FILE: admin/controller/catalog/manufacturer.php
CODE: protected function getForm() {
LINE: 262

FILE: admin/view/template/catalog/manufacturer_form.tpl
CODE: <?php echo $column_left; ?>
LINE: 11
CODE: <?php echo $footer; ?>
LINE: 118
CODE: name="name"
LINE: 41
CODE: name="keyword"
LINE: 81

FILE: admin/view/template/catalog/information_form.tpl
CODE: <?php foreach ($languages as $language) { ?>
LINE: 46
CODE: <?php echo $footer; ?>
LINE: 250
CODE: name="information_description[<?php echo $language['language_id']; ?>][title]"
LINE: 56
CODE: id="input-meta-title<?php echo $language['language_id']; ?>" class="form-control"
LINE: 74
CODE: name="keyword"
LINE: 131
----------------------------------------------------------------
MOD: Common

FILE: catalog/controller/information/information.php
CODE: $this->response->setOutput($this->load->view('information/information', $data));
LINE: 47
CODE: $information_info = $this->model_catalog_information->getInformation($information_id);
LINE: 37
LINE: 128

FILE: catalog/controller/common/cart.php
CODE: $data['text_loading'] = $this->language->get('text_loading');
LINE: 58

FILE: catalog/controller/common/home.php
CODE: $data['column_left'] = $this->load->controller('common/column_left');
LINE: 25

FILE: catalog/controller/common/footer.php
CODE: $this->load->language('common/footer');
LINE: 24
CODE: $data['powered'] = sprintf($this->language->get('text_powered'), $this->config->get('config_name'), date('Y', time()));
LINE: 81
CODE: $data['newsletter'] = $this->url->link('account/newsletter', '', true);
LINE: 70

FILE: catalog/controller/checkout/cart.php
CODE: $json['total'] = sprintf($this->language->get('text_items'), $this->cart->countProducts() + (isset($this->session->data['vouchers']) ? count($this->session->data['vouchers']) : 0), $this->currency->format($total, $this->session->data['currency']));
LINE: 394
LINE: 493

FILE: catalog/controller/extension/module/bestseller.php
CODE: $data['heading_title'] = $this->language->get('heading_title');
LINE: 8

FILE: catalog/controller/product/category.php
CODE: $results = $this->model_catalog_product->getProducts($filter_data);
LINE: 189
CODE: $data['products'][] = array(
LINE: 229
CODE: 'product_id'  => $result['product_id'],
LINE: 234
CODE: $data['column_left'] = $this->load->controller('common/column_left');
LINE: 404
LINE: 470
CODE: $data['categories'][] = array(
LINE: 163

FILE: catalog/controller/product/product.php
CODE: $this->document->addStyle('catalog/view/javascript/jquery/datetimepicker/bootstrap-datetimepicker.min.css');
LINE: 228
CODE: $this->document->addScript('catalog/view/javascript/jquery/magnific/jquery.magnific-popup.min.js');
LINE: 220
CODE: $data['model'] = $product_info['model'];
LINE: 281
CODE: $data['description'] = html_entity_decode($product_info['description'], ENT_QUOTES, 'UTF-8');
LINE: 302

FILE: catalog/controller/account/wishlist.php
CODE: $this->session->data['redirect'] = $this->url->link('account/wishlist', '', true);
LINE: 4
CODE: $this->response->redirect($this->url->link('account/login', '', true));
LINE: 6
CODE: $this->model_account_wishlist->deleteWishlist($this->request->get['remove']);
LINE: 19
CODE: $results = $this->model_account_wishlist->getWishlist();
LINE: 72

FILE: system/library/pagination.php
CODE: <a href="' . str_replace('{page}', $page + 1, $this->url) . '">' . $this->text_next . '</a>
LINE: 77
----------------------------------------------------------------
MOD: Modification Manager

FILE: admin/language/en-gb/extension/modification.php
CODE: <?php
LINE: 24

FILE: admin/controller/extension/installer.php
CODE: $json['error'] = sprintf($this->language->get('error_exists'), $modification_info['name']);
LINE: 453
----------------------------------------------------------------
MOD: SEO Pro 230x

FILE: system/config/catalog.php
CODE: $_['action_pre_action'] = array(
LINE: 38
CODE: 'startup/seo_url'
LINE: 44

FILE: admin/controller/catalog/product.php
CODE: $data['entry_recurring'] = $this->language->get('entry_recurring');
LINE: 615
CODE: // Filters
LINE: 1055

FILE: admin/language/en-gb/catalog/product.php
CODE: // Entry
LINE: 27

FILE: admin/language/ru-ru/catalog/product.php
CODE: // Entry
LINE: 27

FILE: admin/model/catalog/product.php
CODE: if (isset($data['product_related'])) {
LINE: 96
LINE: 248
CODE: public function getProductRelated($product_id) {
LINE: 614
CODE: <label class="col-sm-2 control-label" for="input-category"><span data-toggle="tooltip" title="<?php echo $help_category; ?>"><?php echo $entry_category; ?></span></label>
LINE: 357
CODE: $('#product-category').append('<div id="product-category' + item['value'] + '"><i class="fa fa-minus-circle"></i> ' + item['label'] + '<input type="hidden" name="product_category[]" value="' + item['value'] + '" /></div>');
LINE: 1005
CODE: $('#product-category').delegate('.fa-minus-circle', 'click', function() {
LINE: 1012

FILE: admin/controller/setting/setting.php
CODE: $data['heading_title'] = $this->language->get('heading_title');
LINE: 32
CODE: if (isset($this->request->post['config_file_max_size'])) {
LINE: 1106

FILE: admin/language/en-gb/setting/setting.php
CODE: // Entry
LINE: 44

FILE: admin/language/ru-ru/setting/setting.php
CODE: // Entry
LINE: 44

FILE: admin/view/template/setting/setting.tpl
CODE: <label class="col-sm-2 control-label" for="input-robots"><span data-toggle="tooltip" title="<?php echo $help_robots; ?>"><?php echo $entry_robots; ?></span></label>
LINE: 1266
----------------------------------------------------------------
2019-11-03 12:59:06 - MOD: Modification Default

FILE: system/engine/action.php
REGEX: ~(require|include)(_once)?\(([^)]+)~
LINE: 41

FILE: system/engine/loader.php
REGEX: ~(require|include)(_once)?\(([^)]+)~
LINE: 49
LINE: 108
LINE: 120
LINE: 165

FILE: system/library/config.php
REGEX: ~(require|include)(_once)?\(([^)]+)~
LINE: 23

FILE: system/library/language.php
REGEX: ~(require|include)(_once)?\(([^)]+)~
LINE: 38
LINE: 40
LINE: 49
LINE: 51
LINE: 60
LINE: 62

FILE: system/library/template/php.php
REGEX: ~(require|include)(_once)?\(([^)]+)~
LINE: 18

FILE: system/library/template/tiwg.php
REGEX: ~(require|include)(_once)?\(([^)]+)~
LINE: 24
----------------------------------------------------------------
MOD: Active item in main menu

FILE: catalog/controller/common/header.php
CODE: $categories = $this->model_catalog_category->getCategories(0);
LINE: 113
CODE: $children_data[] = array(
LINE: 129
CODE: $data['categories'][] = array(
LINE: 137
----------------------------------------------------------------
MOD: Auto URL by WDM

FILE: admin/view/template/common/header.tpl
CODE: </head>
LINE: 35

FILE: admin/view/template/catalog/product_form.tpl
CODE: <?php foreach ($languages as $language) { ?>
LINE: 54
CODE: <?php echo $footer; ?>
LINE: 1449
CODE: name="product_description[<?php echo $language['language_id']; ?>][name]"
LINE: 64
CODE: id="input-meta-title<?php echo $language['language_id']; ?>" class="form-control"
LINE: 79
CODE: name="keyword"
LINE: 246

FILE: admin/view/template/catalog/category_form.tpl
CODE: <?php foreach ($languages as $language) { ?>
LINE: 46
CODE: <?php echo $footer; ?>
LINE: 338
CODE: name="category_description[<?php echo $language['language_id']; ?>][name]"
LINE: 56
CODE: id="input-meta-title<?php echo $language['language_id']; ?>" class="form-control"
LINE: 71
CODE: name="keyword"
LINE: 151

FILE: admin/controller/catalog/manufacturer.php
CODE: protected function getForm() {
LINE: 262

FILE: admin/view/template/catalog/manufacturer_form.tpl
CODE: <?php echo $column_left; ?>
LINE: 11
CODE: <?php echo $footer; ?>
LINE: 118
CODE: name="name"
LINE: 41
CODE: name="keyword"
LINE: 81

FILE: admin/view/template/catalog/information_form.tpl
CODE: <?php foreach ($languages as $language) { ?>
LINE: 46
CODE: <?php echo $footer; ?>
LINE: 250
CODE: name="information_description[<?php echo $language['language_id']; ?>][title]"
LINE: 56
CODE: id="input-meta-title<?php echo $language['language_id']; ?>" class="form-control"
LINE: 74
CODE: name="keyword"
LINE: 131
----------------------------------------------------------------
MOD: Common

FILE: catalog/controller/information/information.php
CODE: $this->response->setOutput($this->load->view('information/information', $data));
LINE: 47
CODE: $information_info = $this->model_catalog_information->getInformation($information_id);
LINE: 37
LINE: 128

FILE: catalog/controller/common/cart.php
CODE: $data['text_loading'] = $this->language->get('text_loading');
LINE: 58

FILE: catalog/controller/common/home.php
CODE: $data['column_left'] = $this->load->controller('common/column_left');
LINE: 25

FILE: catalog/controller/common/footer.php
CODE: $this->load->language('common/footer');
LINE: 24
CODE: $data['powered'] = sprintf($this->language->get('text_powered'), $this->config->get('config_name'), date('Y', time()));
LINE: 81
CODE: $data['newsletter'] = $this->url->link('account/newsletter', '', true);
LINE: 70

FILE: catalog/controller/checkout/cart.php
CODE: $json['total'] = sprintf($this->language->get('text_items'), $this->cart->countProducts() + (isset($this->session->data['vouchers']) ? count($this->session->data['vouchers']) : 0), $this->currency->format($total, $this->session->data['currency']));
LINE: 394
LINE: 493

FILE: catalog/controller/extension/module/bestseller.php
CODE: $data['heading_title'] = $this->language->get('heading_title');
LINE: 8

FILE: catalog/controller/product/category.php
CODE: $results = $this->model_catalog_product->getProducts($filter_data);
LINE: 189
CODE: $data['products'][] = array(
LINE: 229
CODE: 'product_id'  => $result['product_id'],
LINE: 234
CODE: $data['column_left'] = $this->load->controller('common/column_left');
LINE: 404
LINE: 470
CODE: $data['categories'][] = array(
LINE: 163

FILE: catalog/controller/product/product.php
CODE: $this->document->addStyle('catalog/view/javascript/jquery/datetimepicker/bootstrap-datetimepicker.min.css');
LINE: 228
CODE: $this->document->addScript('catalog/view/javascript/jquery/magnific/jquery.magnific-popup.min.js');
LINE: 220
CODE: $data['model'] = $product_info['model'];
LINE: 281
CODE: $data['description'] = html_entity_decode($product_info['description'], ENT_QUOTES, 'UTF-8');
LINE: 302

FILE: catalog/controller/account/wishlist.php
CODE: $this->session->data['redirect'] = $this->url->link('account/wishlist', '', true);
LINE: 4
CODE: $this->response->redirect($this->url->link('account/login', '', true));
LINE: 6
CODE: $this->model_account_wishlist->deleteWishlist($this->request->get['remove']);
LINE: 19
CODE: $results = $this->model_account_wishlist->getWishlist();
LINE: 72

FILE: system/library/pagination.php
CODE: <a href="' . str_replace('{page}', $page + 1, $this->url) . '">' . $this->text_next . '</a>
LINE: 77
----------------------------------------------------------------
MOD: Header Information
CODE: $data['name'] = $this->config->get('config_name');
LINE: 56
CODE: $data['text_wishlist'] = sprintf($this->language->get('text_wishlist'), (isset($this->session->data['wishlist']) ? count($this->session->data['wishlist']) : 0));
LINE: 78
CODE: $data['contact'] = $this->url->link('information/contact');
LINE: 54
LINE: 113
CODE: $data['text_shopping_cart'] = $this->language->get('text_shopping_cart');
LINE: 88
CODE: $data['wishlist'] = $this->url->link('account/wishlist', '', true);
LINE: 106
CODE: $json['total'] = sprintf($this->language->get('text_wishlist'), $this->model_account_wishlist->getTotalWishlist());
LINE: 161
CODE: $json['total'] = sprintf($this->language->get('text_wishlist'), (isset($this->session->data['wishlist']) ? count($this->session->data['wishlist']) : 0));
LINE: 176

FILE: catalog/controller/product/compare.php
CODE: $json['total'] = sprintf($this->language->get('text_compare'), (isset($this->session->data['compare']) ? count($this->session->data['compare']) : 0));
LINE: 191
----------------------------------------------------------------
MOD: Modification Manager

FILE: admin/language/en-gb/extension/modification.php
CODE: <?php
LINE: 24

FILE: admin/controller/extension/installer.php
CODE: $json['error'] = sprintf($this->language->get('error_exists'), $modification_info['name']);
LINE: 453
----------------------------------------------------------------
MOD: SEO Pro 230x

FILE: system/config/catalog.php
CODE: $_['action_pre_action'] = array(
LINE: 38
CODE: 'startup/seo_url'
LINE: 44

FILE: admin/controller/catalog/product.php
CODE: $data['entry_recurring'] = $this->language->get('entry_recurring');
LINE: 615
CODE: // Filters
LINE: 1055

FILE: admin/language/en-gb/catalog/product.php
CODE: // Entry
LINE: 27

FILE: admin/language/ru-ru/catalog/product.php
CODE: // Entry
LINE: 27

FILE: admin/model/catalog/product.php
CODE: if (isset($data['product_related'])) {
LINE: 96
LINE: 248
CODE: public function getProductRelated($product_id) {
LINE: 614
CODE: <label class="col-sm-2 control-label" for="input-category"><span data-toggle="tooltip" title="<?php echo $help_category; ?>"><?php echo $entry_category; ?></span></label>
LINE: 357
CODE: $('#product-category').append('<div id="product-category' + item['value'] + '"><i class="fa fa-minus-circle"></i> ' + item['label'] + '<input type="hidden" name="product_category[]" value="' + item['value'] + '" /></div>');
LINE: 1005
CODE: $('#product-category').delegate('.fa-minus-circle', 'click', function() {
LINE: 1012

FILE: admin/controller/setting/setting.php
CODE: $data['heading_title'] = $this->language->get('heading_title');
LINE: 32
CODE: if (isset($this->request->post['config_file_max_size'])) {
LINE: 1106

FILE: admin/language/en-gb/setting/setting.php
CODE: // Entry
LINE: 44

FILE: admin/language/ru-ru/setting/setting.php
CODE: // Entry
LINE: 44

FILE: admin/view/template/setting/setting.tpl
CODE: <label class="col-sm-2 control-label" for="input-robots"><span data-toggle="tooltip" title="<?php echo $help_robots; ?>"><?php echo $entry_robots; ?></span></label>
LINE: 1266
----------------------------------------------------------------
2019-11-03 13:40:08 - MOD: Modification Default

FILE: system/engine/action.php
REGEX: ~(require|include)(_once)?\(([^)]+)~
LINE: 41

FILE: system/engine/loader.php
REGEX: ~(require|include)(_once)?\(([^)]+)~
LINE: 49
LINE: 108
LINE: 120
LINE: 165

FILE: system/library/config.php
REGEX: ~(require|include)(_once)?\(([^)]+)~
LINE: 23

FILE: system/library/language.php
REGEX: ~(require|include)(_once)?\(([^)]+)~
LINE: 38
LINE: 40
LINE: 49
LINE: 51
LINE: 60
LINE: 62

FILE: system/library/template/php.php
REGEX: ~(require|include)(_once)?\(([^)]+)~
LINE: 18

FILE: system/library/template/tiwg.php
REGEX: ~(require|include)(_once)?\(([^)]+)~
LINE: 24
----------------------------------------------------------------
MOD: Active item in main menu

FILE: catalog/controller/common/header.php
CODE: $categories = $this->model_catalog_category->getCategories(0);
LINE: 113
CODE: $children_data[] = array(
LINE: 129
CODE: $data['categories'][] = array(
LINE: 137
----------------------------------------------------------------
MOD: Auto URL by WDM

FILE: admin/view/template/common/header.tpl
CODE: </head>
LINE: 35

FILE: admin/view/template/catalog/product_form.tpl
CODE: <?php foreach ($languages as $language) { ?>
LINE: 54
CODE: <?php echo $footer; ?>
LINE: 1449
CODE: name="product_description[<?php echo $language['language_id']; ?>][name]"
LINE: 64
CODE: id="input-meta-title<?php echo $language['language_id']; ?>" class="form-control"
LINE: 79
CODE: name="keyword"
LINE: 246

FILE: admin/view/template/catalog/category_form.tpl
CODE: <?php foreach ($languages as $language) { ?>
LINE: 46
CODE: <?php echo $footer; ?>
LINE: 338
CODE: name="category_description[<?php echo $language['language_id']; ?>][name]"
LINE: 56
CODE: id="input-meta-title<?php echo $language['language_id']; ?>" class="form-control"
LINE: 71
CODE: name="keyword"
LINE: 151

FILE: admin/controller/catalog/manufacturer.php
CODE: protected function getForm() {
LINE: 262

FILE: admin/view/template/catalog/manufacturer_form.tpl
CODE: <?php echo $column_left; ?>
LINE: 11
CODE: <?php echo $footer; ?>
LINE: 118
CODE: name="name"
LINE: 41
CODE: name="keyword"
LINE: 81

FILE: admin/view/template/catalog/information_form.tpl
CODE: <?php foreach ($languages as $language) { ?>
LINE: 46
CODE: <?php echo $footer; ?>
LINE: 250
CODE: name="information_description[<?php echo $language['language_id']; ?>][title]"
LINE: 56
CODE: id="input-meta-title<?php echo $language['language_id']; ?>" class="form-control"
LINE: 74
CODE: name="keyword"
LINE: 131
----------------------------------------------------------------
MOD: Common

FILE: catalog/controller/information/information.php
CODE: $this->response->setOutput($this->load->view('information/information', $data));
LINE: 47
CODE: $information_info = $this->model_catalog_information->getInformation($information_id);
LINE: 37
LINE: 128

FILE: catalog/controller/common/cart.php
CODE: $data['text_loading'] = $this->language->get('text_loading');
LINE: 58

FILE: catalog/controller/common/home.php
CODE: $data['column_left'] = $this->load->controller('common/column_left');
LINE: 25

FILE: catalog/controller/common/footer.php
CODE: $this->load->language('common/footer');
LINE: 24
CODE: $data['powered'] = sprintf($this->language->get('text_powered'), $this->config->get('config_name'), date('Y', time()));
LINE: 81
CODE: $data['newsletter'] = $this->url->link('account/newsletter', '', true);
LINE: 70

FILE: catalog/controller/checkout/cart.php
CODE: $json['total'] = sprintf($this->language->get('text_items'), $this->cart->countProducts() + (isset($this->session->data['vouchers']) ? count($this->session->data['vouchers']) : 0), $this->currency->format($total, $this->session->data['currency']));
LINE: 394
LINE: 493

FILE: catalog/controller/extension/module/bestseller.php
CODE: $data['heading_title'] = $this->language->get('heading_title');
LINE: 8

FILE: catalog/controller/product/category.php
CODE: $results = $this->model_catalog_product->getProducts($filter_data);
LINE: 189
CODE: $data['products'][] = array(
LINE: 229
CODE: 'product_id'  => $result['product_id'],
LINE: 234
CODE: $data['column_left'] = $this->load->controller('common/column_left');
LINE: 404
LINE: 470
CODE: $data['categories'][] = array(
LINE: 163

FILE: catalog/controller/product/product.php
CODE: $this->document->addStyle('catalog/view/javascript/jquery/datetimepicker/bootstrap-datetimepicker.min.css');
LINE: 228
CODE: $this->document->addScript('catalog/view/javascript/jquery/magnific/jquery.magnific-popup.min.js');
LINE: 220
CODE: $data['model'] = $product_info['model'];
LINE: 281
CODE: $data['description'] = html_entity_decode($product_info['description'], ENT_QUOTES, 'UTF-8');
LINE: 302

FILE: catalog/controller/account/wishlist.php
CODE: $this->session->data['redirect'] = $this->url->link('account/wishlist', '', true);
LINE: 4
CODE: $this->response->redirect($this->url->link('account/login', '', true));
LINE: 6
CODE: $this->model_account_wishlist->deleteWishlist($this->request->get['remove']);
LINE: 19
CODE: $results = $this->model_account_wishlist->getWishlist();
LINE: 72

FILE: system/library/pagination.php
CODE: <a href="' . str_replace('{page}', $page + 1, $this->url) . '">' . $this->text_next . '</a>
LINE: 77
----------------------------------------------------------------
MOD: Header Information
CODE: $data['name'] = $this->config->get('config_name');
LINE: 56
CODE: $data['text_wishlist'] = sprintf($this->language->get('text_wishlist'), (isset($this->session->data['wishlist']) ? count($this->session->data['wishlist']) : 0));
LINE: 78
CODE: $data['contact'] = $this->url->link('information/contact');
LINE: 54
LINE: 113
CODE: $data['text_shopping_cart'] = $this->language->get('text_shopping_cart');
LINE: 88
CODE: $data['wishlist'] = $this->url->link('account/wishlist', '', true);
LINE: 106
CODE: $json['total'] = sprintf($this->language->get('text_wishlist'), $this->model_account_wishlist->getTotalWishlist());
LINE: 161
CODE: $json['total'] = sprintf($this->language->get('text_wishlist'), (isset($this->session->data['wishlist']) ? count($this->session->data['wishlist']) : 0));
LINE: 176

FILE: catalog/controller/product/compare.php
CODE: $json['total'] = sprintf($this->language->get('text_compare'), (isset($this->session->data['compare']) ? count($this->session->data['compare']) : 0));
LINE: 191
----------------------------------------------------------------
MOD: Modification Manager

FILE: admin/language/en-gb/extension/modification.php
CODE: <?php
LINE: 24

FILE: admin/controller/extension/installer.php
CODE: $json['error'] = sprintf($this->language->get('error_exists'), $modification_info['name']);
LINE: 453
----------------------------------------------------------------
MOD: SEO Pro 230x

FILE: system/config/catalog.php
CODE: $_['action_pre_action'] = array(
LINE: 38
CODE: 'startup/seo_url'
LINE: 44

FILE: admin/controller/catalog/product.php
CODE: $data['entry_recurring'] = $this->language->get('entry_recurring');
LINE: 615
CODE: // Filters
LINE: 1055

FILE: admin/language/en-gb/catalog/product.php
CODE: // Entry
LINE: 27

FILE: admin/language/ru-ru/catalog/product.php
CODE: // Entry
LINE: 27

FILE: admin/model/catalog/product.php
CODE: if (isset($data['product_related'])) {
LINE: 96
LINE: 248
CODE: public function getProductRelated($product_id) {
LINE: 614
CODE: <label class="col-sm-2 control-label" for="input-category"><span data-toggle="tooltip" title="<?php echo $help_category; ?>"><?php echo $entry_category; ?></span></label>
LINE: 357
CODE: $('#product-category').append('<div id="product-category' + item['value'] + '"><i class="fa fa-minus-circle"></i> ' + item['label'] + '<input type="hidden" name="product_category[]" value="' + item['value'] + '" /></div>');
LINE: 1005
CODE: $('#product-category').delegate('.fa-minus-circle', 'click', function() {
LINE: 1012

FILE: admin/controller/setting/setting.php
CODE: $data['heading_title'] = $this->language->get('heading_title');
LINE: 32
CODE: if (isset($this->request->post['config_file_max_size'])) {
LINE: 1106

FILE: admin/language/en-gb/setting/setting.php
CODE: // Entry
LINE: 44

FILE: admin/language/ru-ru/setting/setting.php
CODE: // Entry
LINE: 44

FILE: admin/view/template/setting/setting.tpl
CODE: <label class="col-sm-2 control-label" for="input-robots"><span data-toggle="tooltip" title="<?php echo $help_robots; ?>"><?php echo $entry_robots; ?></span></label>
LINE: 1266
----------------------------------------------------------------
2019-11-03 13:46:10 - MOD: Modification Default

FILE: system/engine/action.php
REGEX: ~(require|include)(_once)?\(([^)]+)~
LINE: 41

FILE: system/engine/loader.php
REGEX: ~(require|include)(_once)?\(([^)]+)~
LINE: 49
LINE: 108
LINE: 120
LINE: 165

FILE: system/library/config.php
REGEX: ~(require|include)(_once)?\(([^)]+)~
LINE: 23

FILE: system/library/language.php
REGEX: ~(require|include)(_once)?\(([^)]+)~
LINE: 38
LINE: 40
LINE: 49
LINE: 51
LINE: 60
LINE: 62

FILE: system/library/template/php.php
REGEX: ~(require|include)(_once)?\(([^)]+)~
LINE: 18

FILE: system/library/template/tiwg.php
REGEX: ~(require|include)(_once)?\(([^)]+)~
LINE: 24
----------------------------------------------------------------
MOD: Active item in main menu

FILE: catalog/controller/common/header.php
CODE: $categories = $this->model_catalog_category->getCategories(0);
LINE: 113
CODE: $children_data[] = array(
LINE: 129
CODE: $data['categories'][] = array(
LINE: 137
----------------------------------------------------------------
MOD: Auto URL by WDM

FILE: admin/view/template/common/header.tpl
CODE: </head>
LINE: 35

FILE: admin/view/template/catalog/product_form.tpl
CODE: <?php foreach ($languages as $language) { ?>
LINE: 54
CODE: <?php echo $footer; ?>
LINE: 1449
CODE: name="product_description[<?php echo $language['language_id']; ?>][name]"
LINE: 64
CODE: id="input-meta-title<?php echo $language['language_id']; ?>" class="form-control"
LINE: 79
CODE: name="keyword"
LINE: 246

FILE: admin/view/template/catalog/category_form.tpl
CODE: <?php foreach ($languages as $language) { ?>
LINE: 46
CODE: <?php echo $footer; ?>
LINE: 338
CODE: name="category_description[<?php echo $language['language_id']; ?>][name]"
LINE: 56
CODE: id="input-meta-title<?php echo $language['language_id']; ?>" class="form-control"
LINE: 71
CODE: name="keyword"
LINE: 151

FILE: admin/controller/catalog/manufacturer.php
CODE: protected function getForm() {
LINE: 262

FILE: admin/view/template/catalog/manufacturer_form.tpl
CODE: <?php echo $column_left; ?>
LINE: 11
CODE: <?php echo $footer; ?>
LINE: 118
CODE: name="name"
LINE: 41
CODE: name="keyword"
LINE: 81

FILE: admin/view/template/catalog/information_form.tpl
CODE: <?php foreach ($languages as $language) { ?>
LINE: 46
CODE: <?php echo $footer; ?>
LINE: 250
CODE: name="information_description[<?php echo $language['language_id']; ?>][title]"
LINE: 56
CODE: id="input-meta-title<?php echo $language['language_id']; ?>" class="form-control"
LINE: 74
CODE: name="keyword"
LINE: 131
----------------------------------------------------------------
MOD: Common

FILE: catalog/controller/information/information.php
CODE: $this->response->setOutput($this->load->view('information/information', $data));
LINE: 47
CODE: $information_info = $this->model_catalog_information->getInformation($information_id);
LINE: 37
LINE: 128

FILE: catalog/controller/common/cart.php
CODE: $data['text_loading'] = $this->language->get('text_loading');
LINE: 58

FILE: catalog/controller/common/home.php
CODE: $data['column_left'] = $this->load->controller('common/column_left');
LINE: 25

FILE: catalog/controller/common/footer.php
CODE: $this->load->language('common/footer');
LINE: 24
CODE: $data['powered'] = sprintf($this->language->get('text_powered'), $this->config->get('config_name'), date('Y', time()));
LINE: 81
CODE: $data['newsletter'] = $this->url->link('account/newsletter', '', true);
LINE: 70

FILE: catalog/controller/checkout/cart.php
CODE: $json['total'] = sprintf($this->language->get('text_items'), $this->cart->countProducts() + (isset($this->session->data['vouchers']) ? count($this->session->data['vouchers']) : 0), $this->currency->format($total, $this->session->data['currency']));
LINE: 394
LINE: 493

FILE: catalog/controller/extension/module/bestseller.php
CODE: $data['heading_title'] = $this->language->get('heading_title');
LINE: 8

FILE: catalog/controller/product/category.php
CODE: $results = $this->model_catalog_product->getProducts($filter_data);
LINE: 189
CODE: $data['products'][] = array(
LINE: 229
CODE: 'product_id'  => $result['product_id'],
LINE: 234
CODE: $data['column_left'] = $this->load->controller('common/column_left');
LINE: 404
LINE: 470
CODE: $data['categories'][] = array(
LINE: 163

FILE: catalog/controller/product/product.php
CODE: $this->document->addStyle('catalog/view/javascript/jquery/datetimepicker/bootstrap-datetimepicker.min.css');
LINE: 228
CODE: $this->document->addScript('catalog/view/javascript/jquery/magnific/jquery.magnific-popup.min.js');
LINE: 220
CODE: $data['model'] = $product_info['model'];
LINE: 281
CODE: $data['description'] = html_entity_decode($product_info['description'], ENT_QUOTES, 'UTF-8');
LINE: 302

FILE: catalog/controller/account/wishlist.php
CODE: $this->session->data['redirect'] = $this->url->link('account/wishlist', '', true);
LINE: 4
CODE: $this->response->redirect($this->url->link('account/login', '', true));
LINE: 6
CODE: $this->model_account_wishlist->deleteWishlist($this->request->get['remove']);
LINE: 19
CODE: $results = $this->model_account_wishlist->getWishlist();
LINE: 72

FILE: system/library/pagination.php
CODE: <a href="' . str_replace('{page}', $page + 1, $this->url) . '">' . $this->text_next . '</a>
LINE: 77
----------------------------------------------------------------
MOD: Header Information
CODE: $data['name'] = $this->config->get('config_name');
LINE: 56
CODE: $data['text_wishlist'] = sprintf($this->language->get('text_wishlist'), (isset($this->session->data['wishlist']) ? count($this->session->data['wishlist']) : 0));
LINE: 78
CODE: $data['contact'] = $this->url->link('information/contact');
LINE: 54
LINE: 113
CODE: $data['text_shopping_cart'] = $this->language->get('text_shopping_cart');
LINE: 88
CODE: $data['wishlist'] = $this->url->link('account/wishlist', '', true);
LINE: 106
CODE: $json['total'] = sprintf($this->language->get('text_wishlist'), $this->model_account_wishlist->getTotalWishlist());
LINE: 161
CODE: $json['total'] = sprintf($this->language->get('text_wishlist'), (isset($this->session->data['wishlist']) ? count($this->session->data['wishlist']) : 0));
LINE: 176

FILE: catalog/controller/product/compare.php
CODE: $json['total'] = sprintf($this->language->get('text_compare'), (isset($this->session->data['compare']) ? count($this->session->data['compare']) : 0));
LINE: 191
----------------------------------------------------------------
MOD: Modification Manager

FILE: admin/language/en-gb/extension/modification.php
CODE: <?php
LINE: 24

FILE: admin/controller/extension/installer.php
CODE: $json['error'] = sprintf($this->language->get('error_exists'), $modification_info['name']);
LINE: 453
----------------------------------------------------------------
MOD: SEO Pro 230x

FILE: system/config/catalog.php
CODE: $_['action_pre_action'] = array(
LINE: 38
CODE: 'startup/seo_url'
LINE: 44

FILE: admin/controller/catalog/product.php
CODE: $data['entry_recurring'] = $this->language->get('entry_recurring');
LINE: 615
CODE: // Filters
LINE: 1055

FILE: admin/language/en-gb/catalog/product.php
CODE: // Entry
LINE: 27

FILE: admin/language/ru-ru/catalog/product.php
CODE: // Entry
LINE: 27

FILE: admin/model/catalog/product.php
CODE: if (isset($data['product_related'])) {
LINE: 96
LINE: 248
CODE: public function getProductRelated($product_id) {
LINE: 614
CODE: <label class="col-sm-2 control-label" for="input-category"><span data-toggle="tooltip" title="<?php echo $help_category; ?>"><?php echo $entry_category; ?></span></label>
LINE: 357
CODE: $('#product-category').append('<div id="product-category' + item['value'] + '"><i class="fa fa-minus-circle"></i> ' + item['label'] + '<input type="hidden" name="product_category[]" value="' + item['value'] + '" /></div>');
LINE: 1005
CODE: $('#product-category').delegate('.fa-minus-circle', 'click', function() {
LINE: 1012

FILE: admin/controller/setting/setting.php
CODE: $data['heading_title'] = $this->language->get('heading_title');
LINE: 32
CODE: if (isset($this->request->post['config_file_max_size'])) {
LINE: 1106

FILE: admin/language/en-gb/setting/setting.php
CODE: // Entry
LINE: 44

FILE: admin/language/ru-ru/setting/setting.php
CODE: // Entry
LINE: 44

FILE: admin/view/template/setting/setting.tpl
CODE: <label class="col-sm-2 control-label" for="input-robots"><span data-toggle="tooltip" title="<?php echo $help_robots; ?>"><?php echo $entry_robots; ?></span></label>
LINE: 1266
----------------------------------------------------------------
2019-11-03 13:48:50 - MOD: Modification Default

FILE: system/engine/action.php
REGEX: ~(require|include)(_once)?\(([^)]+)~
LINE: 41

FILE: system/engine/loader.php
REGEX: ~(require|include)(_once)?\(([^)]+)~
LINE: 49
LINE: 108
LINE: 120
LINE: 165

FILE: system/library/config.php
REGEX: ~(require|include)(_once)?\(([^)]+)~
LINE: 23

FILE: system/library/language.php
REGEX: ~(require|include)(_once)?\(([^)]+)~
LINE: 38
LINE: 40
LINE: 49
LINE: 51
LINE: 60
LINE: 62

FILE: system/library/template/php.php
REGEX: ~(require|include)(_once)?\(([^)]+)~
LINE: 18

FILE: system/library/template/tiwg.php
REGEX: ~(require|include)(_once)?\(([^)]+)~
LINE: 24
----------------------------------------------------------------
MOD: Active item in main menu

FILE: catalog/controller/common/header.php
CODE: $categories = $this->model_catalog_category->getCategories(0);
LINE: 113
CODE: $children_data[] = array(
LINE: 129
CODE: $data['categories'][] = array(
LINE: 137
----------------------------------------------------------------
MOD: Auto URL by WDM

FILE: admin/view/template/common/header.tpl
CODE: </head>
LINE: 35

FILE: admin/view/template/catalog/product_form.tpl
CODE: <?php foreach ($languages as $language) { ?>
LINE: 54
CODE: <?php echo $footer; ?>
LINE: 1449
CODE: name="product_description[<?php echo $language['language_id']; ?>][name]"
LINE: 64
CODE: id="input-meta-title<?php echo $language['language_id']; ?>" class="form-control"
LINE: 79
CODE: name="keyword"
LINE: 246

FILE: admin/view/template/catalog/category_form.tpl
CODE: <?php foreach ($languages as $language) { ?>
LINE: 46
CODE: <?php echo $footer; ?>
LINE: 338
CODE: name="category_description[<?php echo $language['language_id']; ?>][name]"
LINE: 56
CODE: id="input-meta-title<?php echo $language['language_id']; ?>" class="form-control"
LINE: 71
CODE: name="keyword"
LINE: 151

FILE: admin/controller/catalog/manufacturer.php
CODE: protected function getForm() {
LINE: 262

FILE: admin/view/template/catalog/manufacturer_form.tpl
CODE: <?php echo $column_left; ?>
LINE: 11
CODE: <?php echo $footer; ?>
LINE: 118
CODE: name="name"
LINE: 41
CODE: name="keyword"
LINE: 81

FILE: admin/view/template/catalog/information_form.tpl
CODE: <?php foreach ($languages as $language) { ?>
LINE: 46
CODE: <?php echo $footer; ?>
LINE: 250
CODE: name="information_description[<?php echo $language['language_id']; ?>][title]"
LINE: 56
CODE: id="input-meta-title<?php echo $language['language_id']; ?>" class="form-control"
LINE: 74
CODE: name="keyword"
LINE: 131
----------------------------------------------------------------
MOD: Common

FILE: catalog/controller/information/information.php
CODE: $this->response->setOutput($this->load->view('information/information', $data));
LINE: 47
CODE: $information_info = $this->model_catalog_information->getInformation($information_id);
LINE: 37
LINE: 128

FILE: catalog/controller/common/cart.php
CODE: $data['text_loading'] = $this->language->get('text_loading');
LINE: 58

FILE: catalog/controller/common/home.php
CODE: $data['column_left'] = $this->load->controller('common/column_left');
LINE: 25

FILE: catalog/controller/common/footer.php
CODE: $this->load->language('common/footer');
LINE: 24
CODE: $data['powered'] = sprintf($this->language->get('text_powered'), $this->config->get('config_name'), date('Y', time()));
LINE: 81
CODE: $data['newsletter'] = $this->url->link('account/newsletter', '', true);
LINE: 70

FILE: catalog/controller/checkout/cart.php
CODE: $json['total'] = sprintf($this->language->get('text_items'), $this->cart->countProducts() + (isset($this->session->data['vouchers']) ? count($this->session->data['vouchers']) : 0), $this->currency->format($total, $this->session->data['currency']));
LINE: 394
LINE: 493

FILE: catalog/controller/extension/module/bestseller.php
CODE: $data['heading_title'] = $this->language->get('heading_title');
LINE: 8

FILE: catalog/controller/product/category.php
CODE: $results = $this->model_catalog_product->getProducts($filter_data);
LINE: 189
CODE: $data['products'][] = array(
LINE: 229
CODE: 'product_id'  => $result['product_id'],
LINE: 234
CODE: $data['column_left'] = $this->load->controller('common/column_left');
LINE: 404
LINE: 470
CODE: $data['categories'][] = array(
LINE: 163

FILE: catalog/controller/product/product.php
CODE: $this->document->addStyle('catalog/view/javascript/jquery/datetimepicker/bootstrap-datetimepicker.min.css');
LINE: 228
CODE: $this->document->addScript('catalog/view/javascript/jquery/magnific/jquery.magnific-popup.min.js');
LINE: 220
CODE: $data['model'] = $product_info['model'];
LINE: 281
CODE: $data['description'] = html_entity_decode($product_info['description'], ENT_QUOTES, 'UTF-8');
LINE: 302

FILE: catalog/controller/account/wishlist.php
CODE: $this->session->data['redirect'] = $this->url->link('account/wishlist', '', true);
LINE: 4
CODE: $this->response->redirect($this->url->link('account/login', '', true));
LINE: 6
CODE: $this->model_account_wishlist->deleteWishlist($this->request->get['remove']);
LINE: 19
CODE: $results = $this->model_account_wishlist->getWishlist();
LINE: 72

FILE: system/library/pagination.php
CODE: <a href="' . str_replace('{page}', $page + 1, $this->url) . '">' . $this->text_next . '</a>
LINE: 77
----------------------------------------------------------------
MOD: Header Information
CODE: $data['name'] = $this->config->get('config_name');
LINE: 56
CODE: $data['text_wishlist'] = sprintf($this->language->get('text_wishlist'), (isset($this->session->data['wishlist']) ? count($this->session->data['wishlist']) : 0));
LINE: 78
CODE: $data['contact'] = $this->url->link('information/contact');
LINE: 54
LINE: 113
CODE: $data['text_shopping_cart'] = $this->language->get('text_shopping_cart');
LINE: 88
CODE: $data['wishlist'] = $this->url->link('account/wishlist', '', true);
LINE: 106
CODE: $json['total'] = sprintf($this->language->get('text_wishlist'), $this->model_account_wishlist->getTotalWishlist());
LINE: 161
CODE: $json['total'] = sprintf($this->language->get('text_wishlist'), (isset($this->session->data['wishlist']) ? count($this->session->data['wishlist']) : 0));
LINE: 176

FILE: catalog/controller/product/compare.php
CODE: $json['total'] = sprintf($this->language->get('text_compare'), (isset($this->session->data['compare']) ? count($this->session->data['compare']) : 0));
LINE: 191
----------------------------------------------------------------
MOD: Modification Manager

FILE: admin/language/en-gb/extension/modification.php
CODE: <?php
LINE: 24

FILE: admin/controller/extension/installer.php
CODE: $json['error'] = sprintf($this->language->get('error_exists'), $modification_info['name']);
LINE: 453
----------------------------------------------------------------
MOD: SEO Pro 230x

FILE: system/config/catalog.php
CODE: $_['action_pre_action'] = array(
LINE: 38
CODE: 'startup/seo_url'
LINE: 44

FILE: admin/controller/catalog/product.php
CODE: $data['entry_recurring'] = $this->language->get('entry_recurring');
LINE: 615
CODE: // Filters
LINE: 1055

FILE: admin/language/en-gb/catalog/product.php
CODE: // Entry
LINE: 27

FILE: admin/language/ru-ru/catalog/product.php
CODE: // Entry
LINE: 27

FILE: admin/model/catalog/product.php
CODE: if (isset($data['product_related'])) {
LINE: 96
LINE: 248
CODE: public function getProductRelated($product_id) {
LINE: 614
CODE: <label class="col-sm-2 control-label" for="input-category"><span data-toggle="tooltip" title="<?php echo $help_category; ?>"><?php echo $entry_category; ?></span></label>
LINE: 357
CODE: $('#product-category').append('<div id="product-category' + item['value'] + '"><i class="fa fa-minus-circle"></i> ' + item['label'] + '<input type="hidden" name="product_category[]" value="' + item['value'] + '" /></div>');
LINE: 1005
CODE: $('#product-category').delegate('.fa-minus-circle', 'click', function() {
LINE: 1012

FILE: admin/controller/setting/setting.php
CODE: $data['heading_title'] = $this->language->get('heading_title');
LINE: 32
CODE: if (isset($this->request->post['config_file_max_size'])) {
LINE: 1106

FILE: admin/language/en-gb/setting/setting.php
CODE: // Entry
LINE: 44

FILE: admin/language/ru-ru/setting/setting.php
CODE: // Entry
LINE: 44

FILE: admin/view/template/setting/setting.tpl
CODE: <label class="col-sm-2 control-label" for="input-robots"><span data-toggle="tooltip" title="<?php echo $help_robots; ?>"><?php echo $entry_robots; ?></span></label>
LINE: 1266
----------------------------------------------------------------
2019-11-03 13:51:22 - MOD: Modification Default

FILE: system/engine/action.php
REGEX: ~(require|include)(_once)?\(([^)]+)~
LINE: 41

FILE: system/engine/loader.php
REGEX: ~(require|include)(_once)?\(([^)]+)~
LINE: 49
LINE: 108
LINE: 120
LINE: 165

FILE: system/library/config.php
REGEX: ~(require|include)(_once)?\(([^)]+)~
LINE: 23

FILE: system/library/language.php
REGEX: ~(require|include)(_once)?\(([^)]+)~
LINE: 38
LINE: 40
LINE: 49
LINE: 51
LINE: 60
LINE: 62

FILE: system/library/template/php.php
REGEX: ~(require|include)(_once)?\(([^)]+)~
LINE: 18

FILE: system/library/template/tiwg.php
REGEX: ~(require|include)(_once)?\(([^)]+)~
LINE: 24
----------------------------------------------------------------
MOD: Active item in main menu

FILE: catalog/controller/common/header.php
CODE: $categories = $this->model_catalog_category->getCategories(0);
LINE: 113
CODE: $children_data[] = array(
LINE: 129
CODE: $data['categories'][] = array(
LINE: 137
----------------------------------------------------------------
MOD: Auto URL by WDM

FILE: admin/view/template/common/header.tpl
CODE: </head>
LINE: 35

FILE: admin/view/template/catalog/product_form.tpl
CODE: <?php foreach ($languages as $language) { ?>
LINE: 54
CODE: <?php echo $footer; ?>
LINE: 1449
CODE: name="product_description[<?php echo $language['language_id']; ?>][name]"
LINE: 64
CODE: id="input-meta-title<?php echo $language['language_id']; ?>" class="form-control"
LINE: 79
CODE: name="keyword"
LINE: 246

FILE: admin/view/template/catalog/category_form.tpl
CODE: <?php foreach ($languages as $language) { ?>
LINE: 46
CODE: <?php echo $footer; ?>
LINE: 338
CODE: name="category_description[<?php echo $language['language_id']; ?>][name]"
LINE: 56
CODE: id="input-meta-title<?php echo $language['language_id']; ?>" class="form-control"
LINE: 71
CODE: name="keyword"
LINE: 151

FILE: admin/controller/catalog/manufacturer.php
CODE: protected function getForm() {
LINE: 262

FILE: admin/view/template/catalog/manufacturer_form.tpl
CODE: <?php echo $column_left; ?>
LINE: 11
CODE: <?php echo $footer; ?>
LINE: 118
CODE: name="name"
LINE: 41
CODE: name="keyword"
LINE: 81

FILE: admin/view/template/catalog/information_form.tpl
CODE: <?php foreach ($languages as $language) { ?>
LINE: 46
CODE: <?php echo $footer; ?>
LINE: 250
CODE: name="information_description[<?php echo $language['language_id']; ?>][title]"
LINE: 56
CODE: id="input-meta-title<?php echo $language['language_id']; ?>" class="form-control"
LINE: 74
CODE: name="keyword"
LINE: 131
----------------------------------------------------------------
MOD: Common

FILE: catalog/controller/information/information.php
CODE: $this->response->setOutput($this->load->view('information/information', $data));
LINE: 47
CODE: $information_info = $this->model_catalog_information->getInformation($information_id);
LINE: 37
LINE: 128

FILE: catalog/controller/common/cart.php
CODE: $data['text_loading'] = $this->language->get('text_loading');
LINE: 58

FILE: catalog/controller/common/home.php
CODE: $data['column_left'] = $this->load->controller('common/column_left');
LINE: 25

FILE: catalog/controller/common/footer.php
CODE: $this->load->language('common/footer');
LINE: 24
CODE: $data['powered'] = sprintf($this->language->get('text_powered'), $this->config->get('config_name'), date('Y', time()));
LINE: 81
CODE: $data['newsletter'] = $this->url->link('account/newsletter', '', true);
LINE: 70

FILE: catalog/controller/checkout/cart.php
CODE: $json['total'] = sprintf($this->language->get('text_items'), $this->cart->countProducts() + (isset($this->session->data['vouchers']) ? count($this->session->data['vouchers']) : 0), $this->currency->format($total, $this->session->data['currency']));
LINE: 394
LINE: 493

FILE: catalog/controller/extension/module/bestseller.php
CODE: $data['heading_title'] = $this->language->get('heading_title');
LINE: 8

FILE: catalog/controller/product/category.php
CODE: $results = $this->model_catalog_product->getProducts($filter_data);
LINE: 189
CODE: $data['products'][] = array(
LINE: 229
CODE: 'product_id'  => $result['product_id'],
LINE: 234
CODE: $data['column_left'] = $this->load->controller('common/column_left');
LINE: 404
LINE: 470
CODE: $data['categories'][] = array(
LINE: 163

FILE: catalog/controller/product/product.php
CODE: $this->document->addStyle('catalog/view/javascript/jquery/datetimepicker/bootstrap-datetimepicker.min.css');
LINE: 228
CODE: $this->document->addScript('catalog/view/javascript/jquery/magnific/jquery.magnific-popup.min.js');
LINE: 220
CODE: $data['model'] = $product_info['model'];
LINE: 281
CODE: $data['description'] = html_entity_decode($product_info['description'], ENT_QUOTES, 'UTF-8');
LINE: 302

FILE: catalog/controller/account/wishlist.php
CODE: $this->session->data['redirect'] = $this->url->link('account/wishlist', '', true);
LINE: 4
CODE: $this->response->redirect($this->url->link('account/login', '', true));
LINE: 6
CODE: $this->model_account_wishlist->deleteWishlist($this->request->get['remove']);
LINE: 19
CODE: $results = $this->model_account_wishlist->getWishlist();
LINE: 72

FILE: system/library/pagination.php
CODE: <a href="' . str_replace('{page}', $page + 1, $this->url) . '">' . $this->text_next . '</a>
LINE: 77
----------------------------------------------------------------
MOD: Header Information
CODE: $data['text_home'] = $this->language->get('text_home');
LINE: 66
CODE: $data['text_wishlist'] = sprintf($this->language->get('text_wishlist'), (isset($this->session->data['wishlist']) ? count($this->session->data['wishlist']) : 0));
LINE: 78
CODE: $data['contact'] = $this->url->link('information/contact');
LINE: 64
LINE: 113
CODE: $data['text_shopping_cart'] = $this->language->get('text_shopping_cart');
LINE: 88
CODE: $data['wishlist'] = $this->url->link('account/wishlist', '', true);
LINE: 106
CODE: $json['total'] = sprintf($this->language->get('text_wishlist'), $this->model_account_wishlist->getTotalWishlist());
LINE: 161
CODE: $json['total'] = sprintf($this->language->get('text_wishlist'), (isset($this->session->data['wishlist']) ? count($this->session->data['wishlist']) : 0));
LINE: 176

FILE: catalog/controller/product/compare.php
CODE: $json['total'] = sprintf($this->language->get('text_compare'), (isset($this->session->data['compare']) ? count($this->session->data['compare']) : 0));
LINE: 191
----------------------------------------------------------------
MOD: Modification Manager

FILE: admin/language/en-gb/extension/modification.php
CODE: <?php
LINE: 24

FILE: admin/controller/extension/installer.php
CODE: $json['error'] = sprintf($this->language->get('error_exists'), $modification_info['name']);
LINE: 453
----------------------------------------------------------------
MOD: SEO Pro 230x

FILE: system/config/catalog.php
CODE: $_['action_pre_action'] = array(
LINE: 38
CODE: 'startup/seo_url'
LINE: 44

FILE: admin/controller/catalog/product.php
CODE: $data['entry_recurring'] = $this->language->get('entry_recurring');
LINE: 615
CODE: // Filters
LINE: 1055

FILE: admin/language/en-gb/catalog/product.php
CODE: // Entry
LINE: 27

FILE: admin/language/ru-ru/catalog/product.php
CODE: // Entry
LINE: 27

FILE: admin/model/catalog/product.php
CODE: if (isset($data['product_related'])) {
LINE: 96
LINE: 248
CODE: public function getProductRelated($product_id) {
LINE: 614
CODE: <label class="col-sm-2 control-label" for="input-category"><span data-toggle="tooltip" title="<?php echo $help_category; ?>"><?php echo $entry_category; ?></span></label>
LINE: 357
CODE: $('#product-category').append('<div id="product-category' + item['value'] + '"><i class="fa fa-minus-circle"></i> ' + item['label'] + '<input type="hidden" name="product_category[]" value="' + item['value'] + '" /></div>');
LINE: 1005
CODE: $('#product-category').delegate('.fa-minus-circle', 'click', function() {
LINE: 1012

FILE: admin/controller/setting/setting.php
CODE: $data['heading_title'] = $this->language->get('heading_title');
LINE: 32
CODE: if (isset($this->request->post['config_file_max_size'])) {
LINE: 1106

FILE: admin/language/en-gb/setting/setting.php
CODE: // Entry
LINE: 44

FILE: admin/language/ru-ru/setting/setting.php
CODE: // Entry
LINE: 44

FILE: admin/view/template/setting/setting.tpl
CODE: <label class="col-sm-2 control-label" for="input-robots"><span data-toggle="tooltip" title="<?php echo $help_robots; ?>"><?php echo $entry_robots; ?></span></label>
LINE: 1266
----------------------------------------------------------------
